

Started GET "/" for 127.0.0.1 at 2016-01-12 20:13:02 -0800

ActiveRecord::PendingMigrationError (Migrations are pending; run 'rake db:migrate RAILS_ENV=development' to resolve this issue.):
  activerecord (4.0.0.rc1) lib/active_record/migration.rb:376:in `check_pending!'
  activerecord (4.0.0.rc1) lib/active_record/migration.rb:364:in `block in call'
  activesupport (4.0.0.rc1) lib/active_support/logger_silence.rb:16:in `silence'
  activerecord (4.0.0.rc1) lib/active_record/migration.rb:363:in `call'
  actionpack (4.0.0.rc1) lib/action_dispatch/middleware/callbacks.rb:29:in `block in call'
  activesupport (4.0.0.rc1) lib/active_support/callbacks.rb:392:in `_run__52626055870815538__call__callbacks'
  activesupport (4.0.0.rc1) lib/active_support/callbacks.rb:80:in `run_callbacks'
  actionpack (4.0.0.rc1) lib/action_dispatch/middleware/callbacks.rb:27:in `call'
  actionpack (4.0.0.rc1) lib/action_dispatch/middleware/reloader.rb:64:in `call'
  actionpack (4.0.0.rc1) lib/action_dispatch/middleware/remote_ip.rb:76:in `call'
  actionpack (4.0.0.rc1) lib/action_dispatch/middleware/debug_exceptions.rb:17:in `call'
  actionpack (4.0.0.rc1) lib/action_dispatch/middleware/show_exceptions.rb:30:in `call'
  railties (4.0.0.rc1) lib/rails/rack/logger.rb:38:in `call_app'
  railties (4.0.0.rc1) lib/rails/rack/logger.rb:21:in `block in call'
  activesupport (4.0.0.rc1) lib/active_support/tagged_logging.rb:67:in `block in tagged'
  activesupport (4.0.0.rc1) lib/active_support/tagged_logging.rb:25:in `tagged'
  activesupport (4.0.0.rc1) lib/active_support/tagged_logging.rb:67:in `tagged'
  railties (4.0.0.rc1) lib/rails/rack/logger.rb:21:in `call'
  actionpack (4.0.0.rc1) lib/action_dispatch/middleware/request_id.rb:21:in `call'
  rack (1.5.2) lib/rack/methodoverride.rb:21:in `call'
  rack (1.5.2) lib/rack/runtime.rb:17:in `call'
  activesupport (4.0.0.rc1) lib/active_support/cache/strategy/local_cache.rb:83:in `call'
  rack (1.5.2) lib/rack/lock.rb:17:in `call'
  actionpack (4.0.0.rc1) lib/action_dispatch/middleware/static.rb:64:in `call'
  railties (4.0.0.rc1) lib/rails/engine.rb:511:in `call'
  railties (4.0.0.rc1) lib/rails/application.rb:96:in `call'
  rack (1.5.2) lib/rack/lock.rb:17:in `call'
  rack (1.5.2) lib/rack/content_length.rb:14:in `call'
  rack (1.5.2) lib/rack/handler/webrick.rb:60:in `service'
  /System/Library/Frameworks/Ruby.framework/Versions/2.0/usr/lib/ruby/2.0.0/webrick/httpserver.rb:138:in `service'
  /System/Library/Frameworks/Ruby.framework/Versions/2.0/usr/lib/ruby/2.0.0/webrick/httpserver.rb:94:in `run'
  /System/Library/Frameworks/Ruby.framework/Versions/2.0/usr/lib/ruby/2.0.0/webrick/server.rb:295:in `block in start_thread'


  Rendered /Library/Ruby/Gems/2.0.0/gems/actionpack-4.0.0.rc1/lib/action_dispatch/middleware/templates/rescues/_source.erb (0.7ms)
  Rendered /Library/Ruby/Gems/2.0.0/gems/actionpack-4.0.0.rc1/lib/action_dispatch/middleware/templates/rescues/_trace.erb (1.3ms)
  Rendered /Library/Ruby/Gems/2.0.0/gems/actionpack-4.0.0.rc1/lib/action_dispatch/middleware/templates/rescues/_request_and_response.erb (1.1ms)
  Rendered /Library/Ruby/Gems/2.0.0/gems/actionpack-4.0.0.rc1/lib/action_dispatch/middleware/templates/rescues/diagnostics.erb within rescues/layout (24.4ms)
  [1m[36m (1.2ms)[0m  [1mCREATE TABLE "schema_migrations" ("version" varchar(255) NOT NULL) [0m
  [1m[35m (1.2ms)[0m  CREATE UNIQUE INDEX "unique_schema_migrations" ON "schema_migrations" ("version")
  [1m[36mActiveRecord::SchemaMigration Load (0.1ms)[0m  [1mSELECT "schema_migrations".* FROM "schema_migrations"[0m
Migrating to CreateMovies (20130610234924)
  [1m[35m (0.1ms)[0m  begin transaction
  [1m[36m (0.4ms)[0m  [1mCREATE TABLE "movies" ("id" INTEGER PRIMARY KEY AUTOINCREMENT NOT NULL, "title" varchar(255), "description" text, "year_released" integer, "created_at" datetime, "updated_at" datetime) [0m
  [1m[35mSQL (0.3ms)[0m  INSERT INTO "schema_migrations" ("version") VALUES (?)  [["version", "20130610234924"]]
  [1m[36m (1.2ms)[0m  [1mcommit transaction[0m
Migrating to AddRatingToMovies (20130610235644)
  [1m[35m (0.1ms)[0m  begin transaction
  [1m[36m (0.9ms)[0m  [1mALTER TABLE "movies" ADD "rating" integer DEFAULT 3[0m
  [1m[35mSQL (0.2ms)[0m  INSERT INTO "schema_migrations" ("version") VALUES (?)  [["version", "20130610235644"]]
  [1m[36m (1.1ms)[0m  [1mcommit transaction[0m
  [1m[35mActiveRecord::SchemaMigration Load (0.1ms)[0m  SELECT "schema_migrations".* FROM "schema_migrations"


Started GET "/" for 127.0.0.1 at 2016-01-12 20:13:25 -0800
Processing by MoviesController#index as HTML
  [1m[36mMovie Load (0.1ms)[0m  [1mSELECT "movies".* FROM "movies" WHERE (title LIKE '%%' OR description LIKE '%%' OR year_released LIKE '%%')[0m
  Rendered movies/_list.html.erb (1.8ms)
  Rendered movies/index.html.erb within layouts/application (40.0ms)
Completed 200 OK in 984ms (Views: 955.0ms | ActiveRecord: 0.4ms)


Started GET "/assets/application.css?body=1" for 127.0.0.1 at 2016-01-12 20:13:26 -0800


Started GET "/assets/movies.css?body=1" for 127.0.0.1 at 2016-01-12 20:13:26 -0800


Started GET "/assets/movies.js?body=1" for 127.0.0.1 at 2016-01-12 20:13:26 -0800


Started GET "/assets/application.js?body=1" for 127.0.0.1 at 2016-01-12 20:13:26 -0800


Started GET "/movies/new" for 127.0.0.1 at 2016-01-12 20:13:31 -0800
Processing by MoviesController#new as HTML
  Rendered movies/_form.html.erb (33.6ms)
  Rendered movies/new.html.erb within layouts/application (36.1ms)
Completed 200 OK in 43ms (Views: 41.1ms | ActiveRecord: 0.2ms)


Started GET "/movies/new" for 127.0.0.1 at 2016-01-12 20:13:31 -0800
Processing by MoviesController#new as HTML
  Rendered movies/_form.html.erb (4.4ms)
  Rendered movies/new.html.erb within layouts/application (5.6ms)
Completed 200 OK in 10ms (Views: 9.1ms | ActiveRecord: 0.0ms)


Started GET "/assets/application.css?body=1" for 127.0.0.1 at 2016-01-12 20:13:31 -0800


Started GET "/assets/movies.css?body=1" for 127.0.0.1 at 2016-01-12 20:13:31 -0800


Started GET "/assets/application.js?body=1" for 127.0.0.1 at 2016-01-12 20:13:31 -0800


Started GET "/assets/movies.js?body=1" for 127.0.0.1 at 2016-01-12 20:13:31 -0800


Started GET "/assets/jquery_ujs.js?body=1" for 127.0.0.1 at 2016-01-12 20:13:31 -0800


Started GET "/assets/jquery.js?body=1" for 127.0.0.1 at 2016-01-12 20:13:31 -0800


Started GET "/assets/turbolinks.js?body=1" for 127.0.0.1 at 2016-01-12 20:13:31 -0800


Started POST "/movies" for 127.0.0.1 at 2016-01-12 20:13:56 -0800
Processing by MoviesController#create as HTML
  Parameters: {"utf8"=>"✓", "authenticity_token"=>"64+zgdeOxTP/kuHxXlGtIXYKHKuI6BBR6brPLiQuqIM=", "movie"=>{"title"=>"stuff goes here", "description"=>"stuff here", "year_released"=>"2000", "rating"=>"3"}, "commit"=>"Create Movie"}
  [1m[35m (0.1ms)[0m  begin transaction
  [1m[36mSQL (4.9ms)[0m  [1mINSERT INTO "movies" ("created_at", "description", "title", "updated_at", "year_released") VALUES (?, ?, ?, ?, ?)[0m  [["created_at", Wed, 13 Jan 2016 04:13:56 UTC +00:00], ["description", "stuff here"], ["title", "stuff goes here"], ["updated_at", Wed, 13 Jan 2016 04:13:56 UTC +00:00], ["year_released", 2000]]
  [1m[35m (1.1ms)[0m  commit transaction
Redirected to http://localhost:3000/movies/1
Completed 302 Found in 12ms (ActiveRecord: 6.1ms)


Started GET "/movies/1" for 127.0.0.1 at 2016-01-12 20:13:56 -0800
Processing by MoviesController#show as HTML
  Parameters: {"id"=>"1"}
  [1m[36mMovie Load (0.2ms)[0m  [1mSELECT "movies".* FROM "movies" WHERE "movies"."id" = ? LIMIT 1[0m  [["id", "1"]]
  Rendered movies/show.html.erb within layouts/application (0.6ms)
Completed 200 OK in 9ms (Views: 5.7ms | ActiveRecord: 0.2ms)


Started GET "/assets/application.css?body=1" for 127.0.0.1 at 2016-01-12 20:13:56 -0800


Started GET "/assets/movies.css?body=1" for 127.0.0.1 at 2016-01-12 20:13:56 -0800


Started GET "/assets/turbolinks.js?body=1" for 127.0.0.1 at 2016-01-12 20:13:56 -0800


Started GET "/assets/jquery_ujs.js?body=1" for 127.0.0.1 at 2016-01-12 20:13:56 -0800


Started GET "/assets/movies.js?body=1" for 127.0.0.1 at 2016-01-12 20:13:56 -0800


Started GET "/assets/jquery.js?body=1" for 127.0.0.1 at 2016-01-12 20:13:56 -0800


Started GET "/assets/application.js?body=1" for 127.0.0.1 at 2016-01-12 20:13:56 -0800


Started GET "/" for 127.0.0.1 at 2016-01-12 20:14:00 -0800
Processing by MoviesController#index as HTML
  [1m[35mMovie Load (0.2ms)[0m  SELECT "movies".* FROM "movies" WHERE (title LIKE '%%' OR description LIKE '%%' OR year_released LIKE '%%')
  Rendered movies/_list.html.erb (1.8ms)
  Rendered movies/index.html.erb within layouts/application (4.6ms)
Completed 200 OK in 9ms (Views: 8.1ms | ActiveRecord: 0.2ms)


Started GET "/" for 127.0.0.1 at 2016-01-12 20:14:00 -0800
Processing by MoviesController#index as HTML
  [1m[36mMovie Load (0.2ms)[0m  [1mSELECT "movies".* FROM "movies" WHERE (title LIKE '%%' OR description LIKE '%%' OR year_released LIKE '%%')[0m
  Rendered movies/_list.html.erb (1.1ms)
  Rendered movies/index.html.erb within layouts/application (2.3ms)
Completed 200 OK in 7ms (Views: 6.3ms | ActiveRecord: 0.2ms)


Started GET "/assets/application.css?body=1" for 127.0.0.1 at 2016-01-12 20:14:00 -0800


Started GET "/assets/jquery.js?body=1" for 127.0.0.1 at 2016-01-12 20:14:00 -0800


Started GET "/assets/movies.css?body=1" for 127.0.0.1 at 2016-01-12 20:14:00 -0800


Started GET "/assets/movies.js?body=1" for 127.0.0.1 at 2016-01-12 20:14:00 -0800


Started GET "/assets/jquery_ujs.js?body=1" for 127.0.0.1 at 2016-01-12 20:14:00 -0800


Started GET "/assets/turbolinks.js?body=1" for 127.0.0.1 at 2016-01-12 20:14:00 -0800


Started GET "/assets/application.js?body=1" for 127.0.0.1 at 2016-01-12 20:14:00 -0800


Started GET "/movies/new" for 127.0.0.1 at 2016-01-12 20:14:03 -0800
Processing by MoviesController#new as HTML
  Rendered movies/_form.html.erb (6.3ms)
  Rendered movies/new.html.erb within layouts/application (7.9ms)
Completed 200 OK in 16ms (Views: 15.4ms | ActiveRecord: 0.0ms)


Started GET "/movies/new" for 127.0.0.1 at 2016-01-12 20:14:03 -0800
Processing by MoviesController#new as HTML
  Rendered movies/_form.html.erb (5.4ms)
  Rendered movies/new.html.erb within layouts/application (6.3ms)
Completed 200 OK in 10ms (Views: 9.8ms | ActiveRecord: 0.0ms)


Started GET "/assets/application.css?body=1" for 127.0.0.1 at 2016-01-12 20:14:03 -0800


Started GET "/assets/movies.css?body=1" for 127.0.0.1 at 2016-01-12 20:14:03 -0800


Started GET "/assets/jquery_ujs.js?body=1" for 127.0.0.1 at 2016-01-12 20:14:03 -0800


Started GET "/assets/movies.js?body=1" for 127.0.0.1 at 2016-01-12 20:14:03 -0800


Started GET "/assets/jquery.js?body=1" for 127.0.0.1 at 2016-01-12 20:14:03 -0800


Started GET "/assets/turbolinks.js?body=1" for 127.0.0.1 at 2016-01-12 20:14:03 -0800


Started GET "/assets/application.js?body=1" for 127.0.0.1 at 2016-01-12 20:14:03 -0800


Started POST "/movies" for 127.0.0.1 at 2016-01-12 20:14:18 -0800
Processing by MoviesController#create as HTML
  Parameters: {"utf8"=>"✓", "authenticity_token"=>"64+zgdeOxTP/kuHxXlGtIXYKHKuI6BBR6brPLiQuqIM=", "movie"=>{"title"=>"even more stuff goes here", "description"=>"this thing is stuff now", "year_released"=>"1999", "rating"=>"2"}, "commit"=>"Create Movie"}
  [1m[35m (0.1ms)[0m  begin transaction
  [1m[36mSQL (0.4ms)[0m  [1mINSERT INTO "movies" ("created_at", "description", "rating", "title", "updated_at", "year_released") VALUES (?, ?, ?, ?, ?, ?)[0m  [["created_at", Wed, 13 Jan 2016 04:14:18 UTC +00:00], ["description", "this thing is stuff now"], ["rating", 2], ["title", "even more stuff goes here"], ["updated_at", Wed, 13 Jan 2016 04:14:18 UTC +00:00], ["year_released", 1999]]
  [1m[35m (1.0ms)[0m  commit transaction
Redirected to http://localhost:3000/movies/2
Completed 302 Found in 4ms (ActiveRecord: 1.5ms)


Started GET "/movies/2" for 127.0.0.1 at 2016-01-12 20:14:18 -0800
Processing by MoviesController#show as HTML
  Parameters: {"id"=>"2"}
  [1m[36mMovie Load (0.1ms)[0m  [1mSELECT "movies".* FROM "movies" WHERE "movies"."id" = ? LIMIT 1[0m  [["id", "2"]]
  Rendered movies/show.html.erb within layouts/application (0.1ms)
Completed 200 OK in 5ms (Views: 3.5ms | ActiveRecord: 0.1ms)


Started GET "/assets/movies.css?body=1" for 127.0.0.1 at 2016-01-12 20:14:18 -0800


Started GET "/assets/application.css?body=1" for 127.0.0.1 at 2016-01-12 20:14:18 -0800


Started GET "/assets/turbolinks.js?body=1" for 127.0.0.1 at 2016-01-12 20:14:18 -0800


Started GET "/assets/movies.js?body=1" for 127.0.0.1 at 2016-01-12 20:14:18 -0800


Started GET "/assets/jquery_ujs.js?body=1" for 127.0.0.1 at 2016-01-12 20:14:18 -0800


Started GET "/assets/jquery.js?body=1" for 127.0.0.1 at 2016-01-12 20:14:18 -0800


Started GET "/assets/application.js?body=1" for 127.0.0.1 at 2016-01-12 20:14:18 -0800


Started GET "/" for 127.0.0.1 at 2016-01-12 20:14:19 -0800
Processing by MoviesController#index as HTML
  [1m[35mMovie Load (0.3ms)[0m  SELECT "movies".* FROM "movies" WHERE (title LIKE '%%' OR description LIKE '%%' OR year_released LIKE '%%')
  Rendered movies/_list.html.erb (3.4ms)
  Rendered movies/index.html.erb within layouts/application (7.2ms)
Completed 200 OK in 16ms (Views: 12.1ms | ActiveRecord: 0.3ms)


Started GET "/" for 127.0.0.1 at 2016-01-12 20:14:19 -0800
Processing by MoviesController#index as HTML
  [1m[36mMovie Load (0.2ms)[0m  [1mSELECT "movies".* FROM "movies" WHERE (title LIKE '%%' OR description LIKE '%%' OR year_released LIKE '%%')[0m
  Rendered movies/_list.html.erb (1.1ms)
  Rendered movies/index.html.erb within layouts/application (2.4ms)
Completed 200 OK in 8ms (Views: 7.2ms | ActiveRecord: 0.2ms)


Started GET "/assets/movies.css?body=1" for 127.0.0.1 at 2016-01-12 20:14:19 -0800


Started GET "/assets/application.css?body=1" for 127.0.0.1 at 2016-01-12 20:14:19 -0800


Started GET "/assets/turbolinks.js?body=1" for 127.0.0.1 at 2016-01-12 20:14:19 -0800


Started GET "/assets/jquery_ujs.js?body=1" for 127.0.0.1 at 2016-01-12 20:14:19 -0800


Started GET "/assets/movies.js?body=1" for 127.0.0.1 at 2016-01-12 20:14:19 -0800


Started GET "/assets/jquery.js?body=1" for 127.0.0.1 at 2016-01-12 20:14:19 -0800


Started GET "/assets/application.js?body=1" for 127.0.0.1 at 2016-01-12 20:14:19 -0800


Started GET "/movies/new" for 127.0.0.1 at 2016-01-12 20:15:14 -0800
Processing by MoviesController#new as HTML
  Rendered movies/_form.html.erb (5.1ms)
  Rendered movies/new.html.erb within layouts/application (6.1ms)
Completed 200 OK in 11ms (Views: 9.9ms | ActiveRecord: 0.0ms)


Started GET "/movies/new" for 127.0.0.1 at 2016-01-12 20:15:14 -0800
Processing by MoviesController#new as HTML
  Rendered movies/_form.html.erb (2.7ms)
  Rendered movies/new.html.erb within layouts/application (3.4ms)
Completed 200 OK in 8ms (Views: 7.1ms | ActiveRecord: 0.0ms)


Started GET "/assets/application.css?body=1" for 127.0.0.1 at 2016-01-12 20:15:14 -0800


Started GET "/assets/application.js?body=1" for 127.0.0.1 at 2016-01-12 20:15:14 -0800


Started GET "/assets/movies.css?body=1" for 127.0.0.1 at 2016-01-12 20:15:14 -0800


Started GET "/assets/jquery.js?body=1" for 127.0.0.1 at 2016-01-12 20:15:14 -0800


Started GET "/assets/jquery_ujs.js?body=1" for 127.0.0.1 at 2016-01-12 20:15:14 -0800


Started GET "/assets/turbolinks.js?body=1" for 127.0.0.1 at 2016-01-12 20:15:14 -0800


Started GET "/assets/movies.js?body=1" for 127.0.0.1 at 2016-01-12 20:15:14 -0800


Started POST "/movies" for 127.0.0.1 at 2016-01-12 20:15:35 -0800
Processing by MoviesController#create as HTML
  Parameters: {"utf8"=>"✓", "authenticity_token"=>"64+zgdeOxTP/kuHxXlGtIXYKHKuI6BBR6brPLiQuqIM=", "movie"=>{"title"=>"bartek runs at home", "description"=>"and takes a nap", "year_released"=>"1889", "rating"=>"3"}, "commit"=>"Create Movie"}
  [1m[35m (0.1ms)[0m  begin transaction
  [1m[36mSQL (0.5ms)[0m  [1mINSERT INTO "movies" ("created_at", "description", "title", "updated_at", "year_released") VALUES (?, ?, ?, ?, ?)[0m  [["created_at", Wed, 13 Jan 2016 04:15:35 UTC +00:00], ["description", "and takes a nap"], ["title", "bartek runs at home"], ["updated_at", Wed, 13 Jan 2016 04:15:35 UTC +00:00], ["year_released", 1889]]
  [1m[35m (1.0ms)[0m  commit transaction
Redirected to http://localhost:3000/movies/3
Completed 302 Found in 4ms (ActiveRecord: 1.5ms)


Started GET "/movies/3" for 127.0.0.1 at 2016-01-12 20:15:35 -0800
Processing by MoviesController#show as HTML
  Parameters: {"id"=>"3"}
  [1m[36mMovie Load (0.2ms)[0m  [1mSELECT "movies".* FROM "movies" WHERE "movies"."id" = ? LIMIT 1[0m  [["id", "3"]]
  Rendered movies/show.html.erb within layouts/application (0.1ms)
Completed 200 OK in 5ms (Views: 2.9ms | ActiveRecord: 0.2ms)


Started GET "/assets/application.css?body=1" for 127.0.0.1 at 2016-01-12 20:15:35 -0800


Started GET "/assets/jquery_ujs.js?body=1" for 127.0.0.1 at 2016-01-12 20:15:35 -0800


Started GET "/assets/movies.css?body=1" for 127.0.0.1 at 2016-01-12 20:15:35 -0800


Started GET "/assets/turbolinks.js?body=1" for 127.0.0.1 at 2016-01-12 20:15:35 -0800


Started GET "/assets/jquery.js?body=1" for 127.0.0.1 at 2016-01-12 20:15:35 -0800


Started GET "/assets/movies.js?body=1" for 127.0.0.1 at 2016-01-12 20:15:35 -0800


Started GET "/assets/application.js?body=1" for 127.0.0.1 at 2016-01-12 20:15:35 -0800


Started GET "/" for 127.0.0.1 at 2016-01-12 20:15:36 -0800
Processing by MoviesController#index as HTML
  [1m[35mMovie Load (0.2ms)[0m  SELECT "movies".* FROM "movies" WHERE (title LIKE '%%' OR description LIKE '%%' OR year_released LIKE '%%')
  Rendered movies/_list.html.erb (2.9ms)
  Rendered movies/index.html.erb within layouts/application (5.0ms)
Completed 200 OK in 13ms (Views: 12.5ms | ActiveRecord: 0.2ms)


Started GET "/" for 127.0.0.1 at 2016-01-12 20:15:36 -0800
Processing by MoviesController#index as HTML
  [1m[36mMovie Load (0.2ms)[0m  [1mSELECT "movies".* FROM "movies" WHERE (title LIKE '%%' OR description LIKE '%%' OR year_released LIKE '%%')[0m
  Rendered movies/_list.html.erb (1.1ms)
  Rendered movies/index.html.erb within layouts/application (2.4ms)
Completed 200 OK in 7ms (Views: 5.8ms | ActiveRecord: 0.2ms)


Started GET "/assets/application.css?body=1" for 127.0.0.1 at 2016-01-12 20:15:36 -0800


Started GET "/assets/jquery_ujs.js?body=1" for 127.0.0.1 at 2016-01-12 20:15:36 -0800


Started GET "/assets/movies.css?body=1" for 127.0.0.1 at 2016-01-12 20:15:36 -0800


Started GET "/assets/movies.js?body=1" for 127.0.0.1 at 2016-01-12 20:15:36 -0800


Started GET "/assets/turbolinks.js?body=1" for 127.0.0.1 at 2016-01-12 20:15:36 -0800


Started GET "/assets/jquery.js?body=1" for 127.0.0.1 at 2016-01-12 20:15:36 -0800


Started GET "/assets/application.js?body=1" for 127.0.0.1 at 2016-01-12 20:15:36 -0800


Started GET "/" for 127.0.0.1 at 2016-01-12 20:37:11 -0800

ActiveRecord::PendingMigrationError (Migrations are pending; run 'rake db:migrate RAILS_ENV=development' to resolve this issue.):
  activerecord (4.0.0.rc1) lib/active_record/migration.rb:376:in `check_pending!'
  activerecord (4.0.0.rc1) lib/active_record/migration.rb:364:in `block in call'
  activesupport (4.0.0.rc1) lib/active_support/logger_silence.rb:16:in `silence'
  activerecord (4.0.0.rc1) lib/active_record/migration.rb:363:in `call'
  actionpack (4.0.0.rc1) lib/action_dispatch/middleware/callbacks.rb:29:in `block in call'
  activesupport (4.0.0.rc1) lib/active_support/callbacks.rb:392:in `_run__52626055870815538__call__callbacks'
  activesupport (4.0.0.rc1) lib/active_support/callbacks.rb:80:in `run_callbacks'
  actionpack (4.0.0.rc1) lib/action_dispatch/middleware/callbacks.rb:27:in `call'
  actionpack (4.0.0.rc1) lib/action_dispatch/middleware/reloader.rb:64:in `call'
  actionpack (4.0.0.rc1) lib/action_dispatch/middleware/remote_ip.rb:76:in `call'
  actionpack (4.0.0.rc1) lib/action_dispatch/middleware/debug_exceptions.rb:17:in `call'
  actionpack (4.0.0.rc1) lib/action_dispatch/middleware/show_exceptions.rb:30:in `call'
  railties (4.0.0.rc1) lib/rails/rack/logger.rb:38:in `call_app'
  railties (4.0.0.rc1) lib/rails/rack/logger.rb:21:in `block in call'
  activesupport (4.0.0.rc1) lib/active_support/tagged_logging.rb:67:in `block in tagged'
  activesupport (4.0.0.rc1) lib/active_support/tagged_logging.rb:25:in `tagged'
  activesupport (4.0.0.rc1) lib/active_support/tagged_logging.rb:67:in `tagged'
  railties (4.0.0.rc1) lib/rails/rack/logger.rb:21:in `call'
  actionpack (4.0.0.rc1) lib/action_dispatch/middleware/request_id.rb:21:in `call'
  rack (1.5.2) lib/rack/methodoverride.rb:21:in `call'
  rack (1.5.2) lib/rack/runtime.rb:17:in `call'
  activesupport (4.0.0.rc1) lib/active_support/cache/strategy/local_cache.rb:83:in `call'
  rack (1.5.2) lib/rack/lock.rb:17:in `call'
  actionpack (4.0.0.rc1) lib/action_dispatch/middleware/static.rb:64:in `call'
  railties (4.0.0.rc1) lib/rails/engine.rb:511:in `call'
  railties (4.0.0.rc1) lib/rails/application.rb:96:in `call'
  rack (1.5.2) lib/rack/lock.rb:17:in `call'
  rack (1.5.2) lib/rack/content_length.rb:14:in `call'
  rack (1.5.2) lib/rack/handler/webrick.rb:60:in `service'
  /System/Library/Frameworks/Ruby.framework/Versions/2.0/usr/lib/ruby/2.0.0/webrick/httpserver.rb:138:in `service'
  /System/Library/Frameworks/Ruby.framework/Versions/2.0/usr/lib/ruby/2.0.0/webrick/httpserver.rb:94:in `run'
  /System/Library/Frameworks/Ruby.framework/Versions/2.0/usr/lib/ruby/2.0.0/webrick/server.rb:295:in `block in start_thread'


  Rendered /Library/Ruby/Gems/2.0.0/gems/actionpack-4.0.0.rc1/lib/action_dispatch/middleware/templates/rescues/_source.erb (0.9ms)
  Rendered /Library/Ruby/Gems/2.0.0/gems/actionpack-4.0.0.rc1/lib/action_dispatch/middleware/templates/rescues/_trace.erb (1.6ms)
  Rendered /Library/Ruby/Gems/2.0.0/gems/actionpack-4.0.0.rc1/lib/action_dispatch/middleware/templates/rescues/_request_and_response.erb (1.7ms)
  Rendered /Library/Ruby/Gems/2.0.0/gems/actionpack-4.0.0.rc1/lib/action_dispatch/middleware/templates/rescues/diagnostics.erb within rescues/layout (20.6ms)
  [1m[36mActiveRecord::SchemaMigration Load (0.1ms)[0m  [1mSELECT "schema_migrations".* FROM "schema_migrations"[0m
Migrating to CreateGenres (20160113043036)
  [1m[35m (0.2ms)[0m  begin transaction
  [1m[36m (1.6ms)[0m  [1mCREATE TABLE "genres" ("id" INTEGER PRIMARY KEY AUTOINCREMENT NOT NULL, "name" varchar(255), "created_at" datetime, "updated_at" datetime) [0m
  [1m[35mSQL (0.3ms)[0m  INSERT INTO "schema_migrations" ("version") VALUES (?)  [["version", "20160113043036"]]
  [1m[36m (1.1ms)[0m  [1mcommit transaction[0m
Migrating to CreateActors (20160113043158)
  [1m[35m (0.1ms)[0m  begin transaction
  [1m[36m (0.4ms)[0m  [1mCREATE TABLE "actors" ("id" INTEGER PRIMARY KEY AUTOINCREMENT NOT NULL, "name" varchar(255), "created_at" datetime, "updated_at" datetime) [0m
  [1m[35mSQL (0.4ms)[0m  INSERT INTO "schema_migrations" ("version") VALUES (?)  [["version", "20160113043158"]]
  [1m[36m (0.8ms)[0m  [1mcommit transaction[0m
Migrating to CreateJoinTableActorsMovies (20160113043410)
  [1m[35m (0.1ms)[0m  begin transaction
  [1m[36mSQL (0.3ms)[0m  [1mINSERT INTO "schema_migrations" ("version") VALUES (?)[0m  [["version", "20160113043410"]]
  [1m[35m (1.1ms)[0m  commit transaction
  [1m[36mActiveRecord::SchemaMigration Load (0.1ms)[0m  [1mSELECT "schema_migrations".* FROM "schema_migrations"[0m


Started GET "/" for 127.0.0.1 at 2016-01-12 20:37:30 -0800
Processing by MoviesController#index as HTML
Completed 500 Internal Server Error in 4ms

SyntaxError (/Users/bartekringwelski/GitHub/bewd/katya_repo/bewd_sf_12/12_Associations/starter_code/MovieApp_Associations/app/models/movie.rb:7: syntax error, unexpected ':', expecting keyword_end
  has_many : actors 
            ^
/Users/bartekringwelski/GitHub/bewd/katya_repo/bewd_sf_12/12_Associations/starter_code/MovieApp_Associations/app/models/movie.rb:8: syntax error, unexpected ':', expecting keyword_end
  belongs_to: genre
             ^):
  app/controllers/movies_controller.rb:5:in `index'


  Rendered /Library/Ruby/Gems/2.0.0/gems/actionpack-4.0.0.rc1/lib/action_dispatch/middleware/templates/rescues/_source.erb (0.7ms)
  Rendered /Library/Ruby/Gems/2.0.0/gems/actionpack-4.0.0.rc1/lib/action_dispatch/middleware/templates/rescues/_trace.erb (1.5ms)
  Rendered /Library/Ruby/Gems/2.0.0/gems/actionpack-4.0.0.rc1/lib/action_dispatch/middleware/templates/rescues/_request_and_response.erb (1.2ms)
  Rendered /Library/Ruby/Gems/2.0.0/gems/actionpack-4.0.0.rc1/lib/action_dispatch/middleware/templates/rescues/diagnostics.erb within rescues/layout (65.6ms)
  [1m[36mActiveRecord::SchemaMigration Load (0.1ms)[0m  [1mSELECT "schema_migrations".* FROM "schema_migrations"[0m
  [1m[35mActiveRecord::SchemaMigration Load (0.1ms)[0m  SELECT "schema_migrations".* FROM "schema_migrations"
  [1m[36mActiveRecord::SchemaMigration Load (0.1ms)[0m  [1mSELECT "schema_migrations".* FROM "schema_migrations"[0m
  [1m[35m (0.1ms)[0m  begin transaction
  [1m[36mSQL (12.3ms)[0m  [1mINSERT INTO "movies" ("created_at", "description", "title", "updated_at", "year_released") VALUES (?, ?, ?, ?, ?)[0m  [["created_at", Wed, 13 Jan 2016 04:46:32 UTC +00:00], ["description", "Morgan Freeman in Jail"], ["title", "The Shawshank Redemption"], ["updated_at", Wed, 13 Jan 2016 04:46:32 UTC +00:00], ["year_released", 1994]]
  [1m[35m (1.5ms)[0m  commit transaction
  [1m[36m (0.1ms)[0m  [1mbegin transaction[0m
  [1m[35mSQL (0.5ms)[0m  INSERT INTO "movies" ("created_at", "description", "title", "updated_at", "year_released") VALUES (?, ?, ?, ?, ?)  [["created_at", Wed, 13 Jan 2016 04:46:33 UTC +00:00], ["description", "Hard core Gangster activity"], ["title", "The Godfather"], ["updated_at", Wed, 13 Jan 2016 04:46:33 UTC +00:00], ["year_released", 1972]]
  [1m[36m (0.9ms)[0m  [1mcommit transaction[0m
  [1m[35m (0.1ms)[0m  begin transaction
  [1m[36mSQL (0.3ms)[0m  [1mINSERT INTO "movies" ("created_at", "description", "title", "updated_at", "year_released") VALUES (?, ?, ?, ?, ?)[0m  [["created_at", Wed, 13 Jan 2016 04:46:33 UTC +00:00], ["description", "More Gangsters, aw yea"], ["title", "The Godfather: Part II"], ["updated_at", Wed, 13 Jan 2016 04:46:33 UTC +00:00], ["year_released", 1974]]
  [1m[35m (1.0ms)[0m  commit transaction
  [1m[36m (0.1ms)[0m  [1mbegin transaction[0m
  [1m[35mSQL (0.5ms)[0m  INSERT INTO "movies" ("created_at", "description", "title", "updated_at", "year_released") VALUES (?, ?, ?, ?, ?)  [["created_at", Wed, 13 Jan 2016 04:46:33 UTC +00:00], ["description", "Samuel Jackson screams a LOT! Say What again!"], ["title", "Pulp Fiction"], ["updated_at", Wed, 13 Jan 2016 04:46:33 UTC +00:00], ["year_released", 1994]]
  [1m[36m (2.7ms)[0m  [1mcommit transaction[0m
  [1m[35m (0.1ms)[0m  begin transaction
  [1m[36mSQL (0.4ms)[0m  [1mINSERT INTO "movies" ("created_at", "description", "title", "updated_at", "year_released") VALUES (?, ?, ?, ?, ?)[0m  [["created_at", Wed, 13 Jan 2016 04:46:33 UTC +00:00], ["description", "Cowboys will be cowboys"], ["title", "The Good, the Bad and the Ugly"], ["updated_at", Wed, 13 Jan 2016 04:46:33 UTC +00:00], ["year_released", 1966]]
  [1m[35m (1.1ms)[0m  commit transaction
  [1m[36m (0.3ms)[0m  [1mbegin transaction[0m
  [1m[35mSQL (0.4ms)[0m  INSERT INTO "movies" ("created_at", "description", "title", "updated_at", "year_released") VALUES (?, ?, ?, ?, ?)  [["created_at", Wed, 13 Jan 2016 04:46:33 UTC +00:00], ["description", "Really old movie about a court case. They have anger issues"], ["title", "12 Angry Men"], ["updated_at", Wed, 13 Jan 2016 04:46:33 UTC +00:00], ["year_released", 1957]]
  [1m[36m (1.1ms)[0m  [1mcommit transaction[0m
  [1m[35m (0.1ms)[0m  begin transaction
  [1m[36mSQL (0.3ms)[0m  [1mINSERT INTO "movies" ("created_at", "description", "title", "updated_at", "year_released") VALUES (?, ?, ?, ?, ?)[0m  [["created_at", Wed, 13 Jan 2016 04:46:33 UTC +00:00], ["description", "Batman (not a super hero), battles the joker for who can have the most not normal voice ever"], ["title", "The Dark Knight"], ["updated_at", Wed, 13 Jan 2016 04:46:33 UTC +00:00], ["year_released", 2008]]
  [1m[35m (1.0ms)[0m  commit transaction
  [1m[36m (0.1ms)[0m  [1mbegin transaction[0m
  [1m[35mSQL (0.4ms)[0m  INSERT INTO "movies" ("created_at", "description", "title", "updated_at", "year_released") VALUES (?, ?, ?, ?, ?)  [["created_at", Wed, 13 Jan 2016 04:46:33 UTC +00:00], ["description", "It's about the Holocaust I think"], ["title", "Schindler's List"], ["updated_at", Wed, 13 Jan 2016 04:46:33 UTC +00:00], ["year_released", 1993]]
  [1m[36m (1.0ms)[0m  [1mcommit transaction[0m
  [1m[35m (0.1ms)[0m  begin transaction
  [1m[36mSQL (0.4ms)[0m  [1mINSERT INTO "movies" ("created_at", "description", "title", "updated_at", "year_released") VALUES (?, ?, ?, ?, ?)[0m  [["created_at", Wed, 13 Jan 2016 04:46:33 UTC +00:00], ["description", "Something to do with Hobbits"], ["title", "The Lord of the Rings: The Return of the King"], ["updated_at", Wed, 13 Jan 2016 04:46:33 UTC +00:00], ["year_released", 2003]]
  [1m[35m (1.1ms)[0m  commit transaction
  [1m[36m (0.1ms)[0m  [1mbegin transaction[0m
  [1m[35mSQL (0.3ms)[0m  INSERT INTO "movies" ("created_at", "description", "title", "updated_at", "year_released") VALUES (?, ?, ?, ?, ?)  [["created_at", Wed, 13 Jan 2016 04:46:33 UTC +00:00], ["description", "This is your life... Apparently it's really easy to make explosives"], ["title", "Fight Club"], ["updated_at", Wed, 13 Jan 2016 04:46:33 UTC +00:00], ["year_released", 1999]]
  [1m[36m (0.8ms)[0m  [1mcommit transaction[0m
  [1m[35m (0.0ms)[0m  begin transaction
  [1m[36mSQL (0.3ms)[0m  [1mINSERT INTO "movies" ("created_at", "description", "title", "updated_at", "year_released") VALUES (?, ?, ?, ?, ?)[0m  [["created_at", Wed, 13 Jan 2016 04:46:33 UTC +00:00], ["description", "The best Star Wars EVER"], ["title", "Star Wars: Episode V - The Empire Strikes Back"], ["updated_at", Wed, 13 Jan 2016 04:46:33 UTC +00:00], ["year_released", 1980]]
  [1m[35m (1.0ms)[0m  commit transaction
  [1m[36m (0.1ms)[0m  [1mbegin transaction[0m
  [1m[35mSQL (0.3ms)[0m  INSERT INTO "movies" ("created_at", "description", "title", "updated_at", "year_released") VALUES (?, ?, ?, ?, ?)  [["created_at", Wed, 13 Jan 2016 04:46:33 UTC +00:00], ["description", "More Hobbits"], ["title", "The Lord of the Rings: The Fellowship of the Ring"], ["updated_at", Wed, 13 Jan 2016 04:46:33 UTC +00:00], ["year_released", 2001]]
  [1m[36m (1.0ms)[0m  [1mcommit transaction[0m
  [1m[35m (0.1ms)[0m  begin transaction
  [1m[36mSQL (0.3ms)[0m  [1mINSERT INTO "movies" ("created_at", "description", "title", "updated_at", "year_released") VALUES (?, ?, ?, ?, ?)[0m  [["created_at", Wed, 13 Jan 2016 04:46:33 UTC +00:00], ["description", "Crazy guy does crazy stuff"], ["title", "One Flew Over the Cuckoo's Nest"], ["updated_at", Wed, 13 Jan 2016 04:46:33 UTC +00:00], ["year_released", 1975]]
  [1m[35m (0.8ms)[0m  commit transaction
  [1m[36m (0.1ms)[0m  [1mbegin transaction[0m
  [1m[35mSQL (0.3ms)[0m  INSERT INTO "movies" ("created_at", "description", "title", "updated_at", "year_released") VALUES (?, ?, ?, ?, ?)  [["created_at", Wed, 13 Jan 2016 04:46:33 UTC +00:00], ["description", "Dream in a dream, in a nap, in a dozing off in class"], ["title", "Inception"], ["updated_at", Wed, 13 Jan 2016 04:46:33 UTC +00:00], ["year_released", 2010]]
  [1m[36m (1.0ms)[0m  [1mcommit transaction[0m
  [1m[35m (0.1ms)[0m  begin transaction
  [1m[36mSQL (0.4ms)[0m  [1mINSERT INTO "movies" ("created_at", "description", "title", "updated_at", "year_released") VALUES (?, ?, ?, ?, ?)[0m  [["created_at", Wed, 13 Jan 2016 04:46:33 UTC +00:00], ["description", "I think Joe Pesci is in this one"], ["title", "Goodfellas"], ["updated_at", Wed, 13 Jan 2016 04:46:33 UTC +00:00], ["year_released", 1990]]
  [1m[35m (1.1ms)[0m  commit transaction
  [1m[36m (0.1ms)[0m  [1mbegin transaction[0m
  [1m[35mSQL (0.3ms)[0m  INSERT INTO "movies" ("created_at", "description", "title", "updated_at", "year_released") VALUES (?, ?, ?, ?, ?)  [["created_at", Wed, 13 Jan 2016 04:46:33 UTC +00:00], ["description", "Let the Wookie win"], ["title", "Star Wars"], ["updated_at", Wed, 13 Jan 2016 04:46:33 UTC +00:00], ["year_released", 1977]]
  [1m[36m (1.8ms)[0m  [1mcommit transaction[0m
  [1m[35m (0.1ms)[0m  begin transaction
  [1m[36mSQL (0.5ms)[0m  [1mINSERT INTO "movies" ("created_at", "description", "title", "updated_at", "year_released") VALUES (?, ?, ?, ?, ?)[0m  [["created_at", Wed, 13 Jan 2016 04:46:33 UTC +00:00], ["description", "One of the best films ever made... according to Wikipedia"], ["title", "Seven Samurai"], ["updated_at", Wed, 13 Jan 2016 04:46:33 UTC +00:00], ["year_released", 1954]]
  [1m[35m (0.8ms)[0m  commit transaction
  [1m[36m (0.0ms)[0m  [1mbegin transaction[0m
  [1m[35mSQL (0.3ms)[0m  INSERT INTO "movies" ("created_at", "description", "title", "updated_at", "year_released") VALUES (?, ?, ?, ?, ?)  [["created_at", Wed, 13 Jan 2016 04:46:33 UTC +00:00], ["description", "Life is like a box of chocolates. It will give you diabetes"], ["title", "Forrest Gump"], ["updated_at", Wed, 13 Jan 2016 04:46:33 UTC +00:00], ["year_released", 1994]]
  [1m[36m (1.0ms)[0m  [1mcommit transaction[0m
  [1m[35m (0.0ms)[0m  begin transaction
  [1m[36mSQL (0.3ms)[0m  [1mINSERT INTO "movies" ("created_at", "description", "title", "updated_at", "year_released") VALUES (?, ?, ?, ?, ?)[0m  [["created_at", Wed, 13 Jan 2016 04:46:33 UTC +00:00], ["description", "Playing videogames can teach you kung-fu"], ["title", "The Matrix"], ["updated_at", Wed, 13 Jan 2016 04:46:33 UTC +00:00], ["year_released", 1999]]
  [1m[35m (0.9ms)[0m  commit transaction
  [1m[36m (0.0ms)[0m  [1mbegin transaction[0m
  [1m[35mSQL (0.3ms)[0m  INSERT INTO "movies" ("created_at", "description", "title", "updated_at", "year_released") VALUES (?, ?, ?, ?, ?)  [["created_at", Wed, 13 Jan 2016 04:46:33 UTC +00:00], ["description", "Again with the Hobbits and their jewelry obsession"], ["title", "The Lord of the Rings: The Two Towers"], ["updated_at", Wed, 13 Jan 2016 04:46:33 UTC +00:00], ["year_released", 2002]]
  [1m[36m (0.9ms)[0m  [1mcommit transaction[0m
  [1m[36mActiveRecord::SchemaMigration Load (0.1ms)[0m  [1mSELECT "schema_migrations".* FROM "schema_migrations"[0m
  [1m[35mActiveRecord::SchemaMigration Load (0.1ms)[0m  SELECT "schema_migrations".* FROM "schema_migrations"


Started GET "/" for 127.0.0.1 at 2016-01-12 20:46:42 -0800
Processing by MoviesController#index as HTML
  [1m[35mMovie Load (0.2ms)[0m  SELECT "movies".* FROM "movies" WHERE (title LIKE '%%' OR description LIKE '%%' OR year_released LIKE '%%')
  Rendered movies/_list.html.erb (21.1ms)
  Rendered movies/index.html.erb within layouts/application (22.9ms)
Completed 200 OK in 40ms (Views: 27.8ms | ActiveRecord: 0.6ms)


Started GET "/assets/application.css?body=1" for 127.0.0.1 at 2016-01-12 20:46:42 -0800


Started GET "/assets/movies.css?body=1" for 127.0.0.1 at 2016-01-12 20:46:42 -0800


Started GET "/assets/movies.js?body=1" for 127.0.0.1 at 2016-01-12 20:46:42 -0800


Started GET "/assets/application.js?body=1" for 127.0.0.1 at 2016-01-12 20:46:42 -0800


Started GET "/movies/1" for 127.0.0.1 at 2016-01-12 20:46:48 -0800
Processing by MoviesController#show as HTML
  Parameters: {"id"=>"1"}
  [1m[36mMovie Load (1.3ms)[0m  [1mSELECT "movies".* FROM "movies" WHERE "movies"."id" = ? LIMIT 1[0m  [["id", "1"]]
  Rendered movies/show.html.erb within layouts/application (0.9ms)
Completed 200 OK in 14ms (Views: 8.7ms | ActiveRecord: 1.3ms)


Started GET "/movies/1" for 127.0.0.1 at 2016-01-12 20:46:48 -0800
Processing by MoviesController#show as HTML
  Parameters: {"id"=>"1"}
  [1m[35mMovie Load (0.1ms)[0m  SELECT "movies".* FROM "movies" WHERE "movies"."id" = ? LIMIT 1  [["id", "1"]]
  Rendered movies/show.html.erb within layouts/application (0.2ms)
Completed 200 OK in 7ms (Views: 4.9ms | ActiveRecord: 0.1ms)


Started GET "/assets/application.css?body=1" for 127.0.0.1 at 2016-01-12 20:46:48 -0800


Started GET "/assets/movies.css?body=1" for 127.0.0.1 at 2016-01-12 20:46:48 -0800


Started GET "/assets/jquery.js?body=1" for 127.0.0.1 at 2016-01-12 20:46:48 -0800


Started GET "/assets/movies.js?body=1" for 127.0.0.1 at 2016-01-12 20:46:48 -0800


Started GET "/assets/jquery_ujs.js?body=1" for 127.0.0.1 at 2016-01-12 20:46:49 -0800


Started GET "/assets/turbolinks.js?body=1" for 127.0.0.1 at 2016-01-12 20:46:49 -0800


Started GET "/assets/application.js?body=1" for 127.0.0.1 at 2016-01-12 20:46:49 -0800


Started GET "/" for 127.0.0.1 at 2016-01-12 20:46:50 -0800
Processing by MoviesController#index as HTML
  [1m[36mMovie Load (0.3ms)[0m  [1mSELECT "movies".* FROM "movies" WHERE (title LIKE '%%' OR description LIKE '%%' OR year_released LIKE '%%')[0m
  Rendered movies/_list.html.erb (5.7ms)
  Rendered movies/index.html.erb within layouts/application (7.1ms)
Completed 200 OK in 11ms (Views: 10.5ms | ActiveRecord: 0.3ms)


Started GET "/" for 127.0.0.1 at 2016-01-12 20:46:50 -0800
Processing by MoviesController#index as HTML
  [1m[35mMovie Load (0.2ms)[0m  SELECT "movies".* FROM "movies" WHERE (title LIKE '%%' OR description LIKE '%%' OR year_released LIKE '%%')
  Rendered movies/_list.html.erb (4.7ms)
  Rendered movies/index.html.erb within layouts/application (5.5ms)
Completed 200 OK in 9ms (Views: 8.2ms | ActiveRecord: 0.2ms)


Started GET "/assets/application.css?body=1" for 127.0.0.1 at 2016-01-12 20:46:50 -0800


Started GET "/assets/jquery_ujs.js?body=1" for 127.0.0.1 at 2016-01-12 20:46:50 -0800


Started GET "/assets/movies.css?body=1" for 127.0.0.1 at 2016-01-12 20:46:50 -0800


Started GET "/assets/jquery.js?body=1" for 127.0.0.1 at 2016-01-12 20:46:50 -0800


Started GET "/assets/turbolinks.js?body=1" for 127.0.0.1 at 2016-01-12 20:46:50 -0800


Started GET "/assets/movies.js?body=1" for 127.0.0.1 at 2016-01-12 20:46:50 -0800


Started GET "/assets/application.js?body=1" for 127.0.0.1 at 2016-01-12 20:46:50 -0800


Started GET "/movies/3" for 127.0.0.1 at 2016-01-12 20:46:51 -0800
Processing by MoviesController#show as HTML
  Parameters: {"id"=>"3"}
  [1m[36mMovie Load (0.1ms)[0m  [1mSELECT "movies".* FROM "movies" WHERE "movies"."id" = ? LIMIT 1[0m  [["id", "3"]]
  Rendered movies/show.html.erb within layouts/application (0.2ms)
Completed 200 OK in 10ms (Views: 8.6ms | ActiveRecord: 0.1ms)


Started GET "/movies/3" for 127.0.0.1 at 2016-01-12 20:46:51 -0800
Processing by MoviesController#show as HTML
  Parameters: {"id"=>"3"}
  [1m[35mMovie Load (0.3ms)[0m  SELECT "movies".* FROM "movies" WHERE "movies"."id" = ? LIMIT 1  [["id", "3"]]
  Rendered movies/show.html.erb within layouts/application (0.1ms)
Completed 200 OK in 5ms (Views: 3.1ms | ActiveRecord: 0.3ms)


Started GET "/assets/application.css?body=1" for 127.0.0.1 at 2016-01-12 20:46:51 -0800


Started GET "/assets/movies.css?body=1" for 127.0.0.1 at 2016-01-12 20:46:51 -0800


Started GET "/assets/jquery.js?body=1" for 127.0.0.1 at 2016-01-12 20:46:51 -0800


Started GET "/assets/movies.js?body=1" for 127.0.0.1 at 2016-01-12 20:46:51 -0800


Started GET "/assets/turbolinks.js?body=1" for 127.0.0.1 at 2016-01-12 20:46:51 -0800


Started GET "/assets/jquery_ujs.js?body=1" for 127.0.0.1 at 2016-01-12 20:46:51 -0800


Started GET "/assets/application.js?body=1" for 127.0.0.1 at 2016-01-12 20:46:51 -0800


Started GET "/" for 127.0.0.1 at 2016-01-12 20:46:58 -0800
Processing by MoviesController#index as HTML
  [1m[36mMovie Load (0.2ms)[0m  [1mSELECT "movies".* FROM "movies" WHERE (title LIKE '%%' OR description LIKE '%%' OR year_released LIKE '%%')[0m
  Rendered movies/_list.html.erb (47.2ms)
  Rendered movies/index.html.erb within layouts/application (48.3ms)
Completed 200 OK in 53ms (Views: 51.5ms | ActiveRecord: 0.2ms)


Started GET "/" for 127.0.0.1 at 2016-01-12 20:46:58 -0800
Processing by MoviesController#index as HTML
  [1m[35mMovie Load (0.2ms)[0m  SELECT "movies".* FROM "movies" WHERE (title LIKE '%%' OR description LIKE '%%' OR year_released LIKE '%%')
  Rendered movies/_list.html.erb (4.5ms)
  Rendered movies/index.html.erb within layouts/application (6.6ms)
Completed 200 OK in 13ms (Views: 11.7ms | ActiveRecord: 0.2ms)


Started GET "/assets/application.css?body=1" for 127.0.0.1 at 2016-01-12 20:46:59 -0800


Started GET "/assets/movies.css?body=1" for 127.0.0.1 at 2016-01-12 20:46:59 -0800


Started GET "/assets/jquery.js?body=1" for 127.0.0.1 at 2016-01-12 20:46:59 -0800


Started GET "/assets/movies.js?body=1" for 127.0.0.1 at 2016-01-12 20:46:59 -0800


Started GET "/assets/turbolinks.js?body=1" for 127.0.0.1 at 2016-01-12 20:46:59 -0800


Started GET "/assets/jquery_ujs.js?body=1" for 127.0.0.1 at 2016-01-12 20:46:59 -0800


Started GET "/assets/application.js?body=1" for 127.0.0.1 at 2016-01-12 20:46:59 -0800


Started GET "/movies/2" for 127.0.0.1 at 2016-01-12 20:47:01 -0800
Processing by MoviesController#show as HTML
  Parameters: {"id"=>"2"}
  [1m[36mMovie Load (0.5ms)[0m  [1mSELECT "movies".* FROM "movies" WHERE "movies"."id" = ? LIMIT 1[0m  [["id", "2"]]
  Rendered movies/show.html.erb within layouts/application (0.2ms)
Completed 200 OK in 13ms (Views: 8.9ms | ActiveRecord: 0.5ms)


Started GET "/movies/2" for 127.0.0.1 at 2016-01-12 20:47:01 -0800
Processing by MoviesController#show as HTML
  Parameters: {"id"=>"2"}
  [1m[35mMovie Load (0.1ms)[0m  SELECT "movies".* FROM "movies" WHERE "movies"."id" = ? LIMIT 1  [["id", "2"]]
  Rendered movies/show.html.erb within layouts/application (0.2ms)
Completed 200 OK in 6ms (Views: 4.0ms | ActiveRecord: 0.1ms)


Started GET "/assets/application.css?body=1" for 127.0.0.1 at 2016-01-12 20:47:01 -0800


Started GET "/assets/movies.css?body=1" for 127.0.0.1 at 2016-01-12 20:47:01 -0800


Started GET "/assets/jquery_ujs.js?body=1" for 127.0.0.1 at 2016-01-12 20:47:01 -0800


Started GET "/assets/turbolinks.js?body=1" for 127.0.0.1 at 2016-01-12 20:47:01 -0800


Started GET "/assets/jquery.js?body=1" for 127.0.0.1 at 2016-01-12 20:47:01 -0800


Started GET "/assets/application.js?body=1" for 127.0.0.1 at 2016-01-12 20:47:01 -0800


Started GET "/assets/movies.js?body=1" for 127.0.0.1 at 2016-01-12 20:47:01 -0800


Started GET "/" for 127.0.0.1 at 2016-01-12 20:47:02 -0800
Processing by MoviesController#index as HTML
  [1m[36mMovie Load (0.3ms)[0m  [1mSELECT "movies".* FROM "movies" WHERE (title LIKE '%%' OR description LIKE '%%' OR year_released LIKE '%%')[0m
  Rendered movies/_list.html.erb (4.4ms)
  Rendered movies/index.html.erb within layouts/application (5.5ms)
Completed 200 OK in 10ms (Views: 9.1ms | ActiveRecord: 0.3ms)


Started GET "/" for 127.0.0.1 at 2016-01-12 20:47:02 -0800
Processing by MoviesController#index as HTML
  [1m[35mMovie Load (0.2ms)[0m  SELECT "movies".* FROM "movies" WHERE (title LIKE '%%' OR description LIKE '%%' OR year_released LIKE '%%')
  Rendered movies/_list.html.erb (4.1ms)
  Rendered movies/index.html.erb within layouts/application (5.2ms)
Completed 200 OK in 9ms (Views: 8.2ms | ActiveRecord: 0.2ms)


Started GET "/assets/application.css?body=1" for 127.0.0.1 at 2016-01-12 20:47:02 -0800


Started GET "/assets/movies.css?body=1" for 127.0.0.1 at 2016-01-12 20:47:02 -0800


Started GET "/assets/jquery.js?body=1" for 127.0.0.1 at 2016-01-12 20:47:02 -0800


Started GET "/assets/turbolinks.js?body=1" for 127.0.0.1 at 2016-01-12 20:47:02 -0800


Started GET "/assets/jquery_ujs.js?body=1" for 127.0.0.1 at 2016-01-12 20:47:02 -0800


Started GET "/assets/movies.js?body=1" for 127.0.0.1 at 2016-01-12 20:47:02 -0800


Started GET "/assets/application.js?body=1" for 127.0.0.1 at 2016-01-12 20:47:02 -0800


Started GET "/movies/3" for 127.0.0.1 at 2016-01-12 20:47:04 -0800
Processing by MoviesController#show as HTML
  Parameters: {"id"=>"3"}
  [1m[36mMovie Load (0.6ms)[0m  [1mSELECT "movies".* FROM "movies" WHERE "movies"."id" = ? LIMIT 1[0m  [["id", "3"]]
  Rendered movies/show.html.erb within layouts/application (0.3ms)
Completed 200 OK in 12ms (Views: 7.4ms | ActiveRecord: 0.6ms)


Started GET "/movies/3" for 127.0.0.1 at 2016-01-12 20:47:04 -0800
Processing by MoviesController#show as HTML
  Parameters: {"id"=>"3"}
  [1m[35mMovie Load (0.1ms)[0m  SELECT "movies".* FROM "movies" WHERE "movies"."id" = ? LIMIT 1  [["id", "3"]]
  Rendered movies/show.html.erb within layouts/application (0.2ms)
Completed 200 OK in 5ms (Views: 4.0ms | ActiveRecord: 0.1ms)


Started GET "/assets/movies.css?body=1" for 127.0.0.1 at 2016-01-12 20:47:04 -0800


Started GET "/assets/application.css?body=1" for 127.0.0.1 at 2016-01-12 20:47:04 -0800


Started GET "/assets/jquery_ujs.js?body=1" for 127.0.0.1 at 2016-01-12 20:47:04 -0800


Started GET "/assets/jquery.js?body=1" for 127.0.0.1 at 2016-01-12 20:47:04 -0800


Started GET "/assets/turbolinks.js?body=1" for 127.0.0.1 at 2016-01-12 20:47:04 -0800


Started GET "/assets/movies.js?body=1" for 127.0.0.1 at 2016-01-12 20:47:04 -0800


Started GET "/assets/application.js?body=1" for 127.0.0.1 at 2016-01-12 20:47:04 -0800


Started GET "/" for 127.0.0.1 at 2016-01-12 20:47:05 -0800
Processing by MoviesController#index as HTML
  [1m[36mMovie Load (0.2ms)[0m  [1mSELECT "movies".* FROM "movies" WHERE (title LIKE '%%' OR description LIKE '%%' OR year_released LIKE '%%')[0m
  Rendered movies/_list.html.erb (5.3ms)
  Rendered movies/index.html.erb within layouts/application (6.5ms)
Completed 200 OK in 11ms (Views: 10.1ms | ActiveRecord: 0.2ms)


Started GET "/" for 127.0.0.1 at 2016-01-12 20:47:05 -0800
Processing by MoviesController#index as HTML
  [1m[35mMovie Load (0.2ms)[0m  SELECT "movies".* FROM "movies" WHERE (title LIKE '%%' OR description LIKE '%%' OR year_released LIKE '%%')
  Rendered movies/_list.html.erb (4.1ms)
  Rendered movies/index.html.erb within layouts/application (5.1ms)
Completed 200 OK in 9ms (Views: 8.5ms | ActiveRecord: 0.2ms)


Started GET "/assets/application.css?body=1" for 127.0.0.1 at 2016-01-12 20:47:05 -0800


Started GET "/assets/jquery_ujs.js?body=1" for 127.0.0.1 at 2016-01-12 20:47:05 -0800


Started GET "/assets/movies.css?body=1" for 127.0.0.1 at 2016-01-12 20:47:05 -0800


Started GET "/assets/jquery.js?body=1" for 127.0.0.1 at 2016-01-12 20:47:05 -0800


Started GET "/assets/turbolinks.js?body=1" for 127.0.0.1 at 2016-01-12 20:47:05 -0800


Started GET "/assets/movies.js?body=1" for 127.0.0.1 at 2016-01-12 20:47:05 -0800


Started GET "/assets/application.js?body=1" for 127.0.0.1 at 2016-01-12 20:47:05 -0800
  [1m[36mMovie Load (0.5ms)[0m  [1mSELECT "movies".* FROM "movies"[0m
  [1m[35mMovie Load (2.8ms)[0m  SELECT "movies".* FROM "movies" WHERE "movies"."id" = ? LIMIT 1  [["id", 1]]
  [1m[36mMovie Load (4.1ms)[0m  [1mSELECT "movies".* FROM "movies" WHERE "movies"."id" = ? LIMIT 1[0m  [["id", 1]]
  [1m[35mMovie Load (0.3ms)[0m  SELECT "movies".* FROM "movies" WHERE "movies"."id" = ? LIMIT 1  [["id", 1]]
  [1m[36mActiveRecord::SchemaMigration Load (0.1ms)[0m  [1mSELECT "schema_migrations".* FROM "schema_migrations"[0m
  [1m[35mActiveRecord::SchemaMigration Load (0.1ms)[0m  SELECT "schema_migrations".* FROM "schema_migrations"
  [1m[36m (1.6ms)[0m  [1mCREATE TABLE "schema_migrations" ("version" varchar(255) NOT NULL) [0m
  [1m[35m (1.3ms)[0m  CREATE UNIQUE INDEX "unique_schema_migrations" ON "schema_migrations" ("version")
  [1m[36mActiveRecord::SchemaMigration Load (0.2ms)[0m  [1mSELECT "schema_migrations".* FROM "schema_migrations"[0m
Migrating to CreateMovies (20130610234924)
  [1m[35m (0.1ms)[0m  begin transaction
  [1m[36m (0.5ms)[0m  [1mCREATE TABLE "movies" ("id" INTEGER PRIMARY KEY AUTOINCREMENT NOT NULL, "title" varchar(255), "description" text, "year_released" integer, "created_at" datetime, "updated_at" datetime) [0m
  [1m[35mSQL (0.2ms)[0m  INSERT INTO "schema_migrations" ("version") VALUES (?)  [["version", "20130610234924"]]
  [1m[36m (1.1ms)[0m  [1mcommit transaction[0m
Migrating to AddRatingToMovies (20130610235644)
  [1m[35m (0.1ms)[0m  begin transaction
  [1m[36m (0.4ms)[0m  [1mALTER TABLE "movies" ADD "rating" integer DEFAULT 3[0m
  [1m[35mSQL (0.1ms)[0m  INSERT INTO "schema_migrations" ("version") VALUES (?)  [["version", "20130610235644"]]
  [1m[36m (1.1ms)[0m  [1mcommit transaction[0m
Migrating to CreateGenres (20160113043036)
  [1m[35m (0.1ms)[0m  begin transaction
  [1m[36m (0.4ms)[0m  [1mCREATE TABLE "genres" ("id" INTEGER PRIMARY KEY AUTOINCREMENT NOT NULL, "name" varchar(255), "created_at" datetime, "updated_at" datetime) [0m
  [1m[35mSQL (0.1ms)[0m  INSERT INTO "schema_migrations" ("version") VALUES (?)  [["version", "20160113043036"]]
  [1m[36m (1.1ms)[0m  [1mcommit transaction[0m
Migrating to CreateActors (20160113043158)
  [1m[35m (0.1ms)[0m  begin transaction
  [1m[36m (0.5ms)[0m  [1mCREATE TABLE "actors" ("id" INTEGER PRIMARY KEY AUTOINCREMENT NOT NULL, "name" varchar(255), "created_at" datetime, "updated_at" datetime) [0m
  [1m[35mSQL (0.2ms)[0m  INSERT INTO "schema_migrations" ("version") VALUES (?)  [["version", "20160113043158"]]
  [1m[36m (0.9ms)[0m  [1mcommit transaction[0m
Migrating to CreateJoinTableActorsMovies (20160113043410)
  [1m[35m (0.1ms)[0m  begin transaction
  [1m[36m (0.4ms)[0m  [1mCREATE TABLE "actors_movies" ("id" INTEGER PRIMARY KEY AUTOINCREMENT NOT NULL, "actor_id" integer, "movie_id" integer) [0m
  [1m[35m (0.1ms)[0m  CREATE INDEX "index_actors_movies_on_actor_id" ON "actors_movies" ("actor_id")
  [1m[36m (0.1ms)[0m  [1mCREATE INDEX "index_actors_movies_on_movie_id" ON "actors_movies" ("movie_id")[0m
  [1m[35m (0.9ms)[0m  rollback transaction
  [1m[36mActiveRecord::SchemaMigration Load (0.1ms)[0m  [1mSELECT "schema_migrations".* FROM "schema_migrations"[0m
Migrating to CreateJoinTableActorsMovies (20160113043410)
  [1m[35m (0.1ms)[0m  begin transaction
  [1m[36m (0.6ms)[0m  [1mCREATE TABLE "actors_movies" ("actor_id" integer, "movie_id" integer) [0m
  [1m[35m (0.1ms)[0m  CREATE INDEX "index_actors_movies_on_actor_id" ON "actors_movies" ("actor_id")
  [1m[36m (0.1ms)[0m  [1mCREATE INDEX "index_actors_movies_on_movie_id" ON "actors_movies" ("movie_id")[0m
  [1m[35mSQL (0.2ms)[0m  INSERT INTO "schema_migrations" ("version") VALUES (?)  [["version", "20160113043410"]]
  [1m[36m (1.2ms)[0m  [1mcommit transaction[0m
  [1m[35mActiveRecord::SchemaMigration Load (0.1ms)[0m  SELECT "schema_migrations".* FROM "schema_migrations"
  [1m[36mActiveRecord::SchemaMigration Load (0.1ms)[0m  [1mSELECT "schema_migrations".* FROM "schema_migrations"[0m
  [1m[35m (0.1ms)[0m  begin transaction
  [1m[36mSQL (3.5ms)[0m  [1mINSERT INTO "movies" ("created_at", "description", "title", "updated_at", "year_released") VALUES (?, ?, ?, ?, ?)[0m  [["created_at", Wed, 13 Jan 2016 04:57:43 UTC +00:00], ["description", "Morgan Freeman in Jail"], ["title", "The Shawshank Redemption"], ["updated_at", Wed, 13 Jan 2016 04:57:43 UTC +00:00], ["year_released", 1994]]
  [1m[35m (1.0ms)[0m  commit transaction
  [1m[36m (0.1ms)[0m  [1mbegin transaction[0m
  [1m[35mSQL (0.4ms)[0m  INSERT INTO "movies" ("created_at", "description", "title", "updated_at", "year_released") VALUES (?, ?, ?, ?, ?)  [["created_at", Wed, 13 Jan 2016 04:57:43 UTC +00:00], ["description", "Hard core Gangster activity"], ["title", "The Godfather"], ["updated_at", Wed, 13 Jan 2016 04:57:43 UTC +00:00], ["year_released", 1972]]
  [1m[36m (1.0ms)[0m  [1mcommit transaction[0m
  [1m[35m (0.1ms)[0m  begin transaction
  [1m[36mSQL (0.3ms)[0m  [1mINSERT INTO "movies" ("created_at", "description", "title", "updated_at", "year_released") VALUES (?, ?, ?, ?, ?)[0m  [["created_at", Wed, 13 Jan 2016 04:57:43 UTC +00:00], ["description", "More Gangsters, aw yea"], ["title", "The Godfather: Part II"], ["updated_at", Wed, 13 Jan 2016 04:57:43 UTC +00:00], ["year_released", 1974]]
  [1m[35m (4.0ms)[0m  commit transaction
  [1m[36m (0.1ms)[0m  [1mbegin transaction[0m
  [1m[35mSQL (1.2ms)[0m  INSERT INTO "movies" ("created_at", "description", "title", "updated_at", "year_released") VALUES (?, ?, ?, ?, ?)  [["created_at", Wed, 13 Jan 2016 04:57:43 UTC +00:00], ["description", "Samuel Jackson screams a LOT! Say What again!"], ["title", "Pulp Fiction"], ["updated_at", Wed, 13 Jan 2016 04:57:43 UTC +00:00], ["year_released", 1994]]
  [1m[36m (1.2ms)[0m  [1mcommit transaction[0m
  [1m[35m (0.1ms)[0m  begin transaction
  [1m[36mSQL (0.5ms)[0m  [1mINSERT INTO "movies" ("created_at", "description", "title", "updated_at", "year_released") VALUES (?, ?, ?, ?, ?)[0m  [["created_at", Wed, 13 Jan 2016 04:57:43 UTC +00:00], ["description", "Cowboys will be cowboys"], ["title", "The Good, the Bad and the Ugly"], ["updated_at", Wed, 13 Jan 2016 04:57:43 UTC +00:00], ["year_released", 1966]]
  [1m[35m (1.1ms)[0m  commit transaction
  [1m[36m (0.1ms)[0m  [1mbegin transaction[0m
  [1m[35mSQL (0.3ms)[0m  INSERT INTO "movies" ("created_at", "description", "title", "updated_at", "year_released") VALUES (?, ?, ?, ?, ?)  [["created_at", Wed, 13 Jan 2016 04:57:43 UTC +00:00], ["description", "Really old movie about a court case. They have anger issues"], ["title", "12 Angry Men"], ["updated_at", Wed, 13 Jan 2016 04:57:43 UTC +00:00], ["year_released", 1957]]
  [1m[36m (0.9ms)[0m  [1mcommit transaction[0m
  [1m[35m (0.0ms)[0m  begin transaction
  [1m[36mSQL (0.3ms)[0m  [1mINSERT INTO "movies" ("created_at", "description", "title", "updated_at", "year_released") VALUES (?, ?, ?, ?, ?)[0m  [["created_at", Wed, 13 Jan 2016 04:57:43 UTC +00:00], ["description", "Batman (not a super hero), battles the joker for who can have the most not normal voice ever"], ["title", "The Dark Knight"], ["updated_at", Wed, 13 Jan 2016 04:57:43 UTC +00:00], ["year_released", 2008]]
  [1m[35m (0.9ms)[0m  commit transaction
  [1m[36m (0.1ms)[0m  [1mbegin transaction[0m
  [1m[35mSQL (0.5ms)[0m  INSERT INTO "movies" ("created_at", "description", "title", "updated_at", "year_released") VALUES (?, ?, ?, ?, ?)  [["created_at", Wed, 13 Jan 2016 04:57:43 UTC +00:00], ["description", "It's about the Holocaust I think"], ["title", "Schindler's List"], ["updated_at", Wed, 13 Jan 2016 04:57:43 UTC +00:00], ["year_released", 1993]]
  [1m[36m (1.2ms)[0m  [1mcommit transaction[0m
  [1m[35m (0.1ms)[0m  begin transaction
  [1m[36mSQL (0.3ms)[0m  [1mINSERT INTO "movies" ("created_at", "description", "title", "updated_at", "year_released") VALUES (?, ?, ?, ?, ?)[0m  [["created_at", Wed, 13 Jan 2016 04:57:43 UTC +00:00], ["description", "Something to do with Hobbits"], ["title", "The Lord of the Rings: The Return of the King"], ["updated_at", Wed, 13 Jan 2016 04:57:43 UTC +00:00], ["year_released", 2003]]
  [1m[35m (0.8ms)[0m  commit transaction
  [1m[36m (0.1ms)[0m  [1mbegin transaction[0m
  [1m[35mSQL (0.3ms)[0m  INSERT INTO "movies" ("created_at", "description", "title", "updated_at", "year_released") VALUES (?, ?, ?, ?, ?)  [["created_at", Wed, 13 Jan 2016 04:57:43 UTC +00:00], ["description", "This is your life... Apparently it's really easy to make explosives"], ["title", "Fight Club"], ["updated_at", Wed, 13 Jan 2016 04:57:43 UTC +00:00], ["year_released", 1999]]
  [1m[36m (0.9ms)[0m  [1mcommit transaction[0m
  [1m[35m (0.1ms)[0m  begin transaction
  [1m[36mSQL (0.4ms)[0m  [1mINSERT INTO "movies" ("created_at", "description", "title", "updated_at", "year_released") VALUES (?, ?, ?, ?, ?)[0m  [["created_at", Wed, 13 Jan 2016 04:57:43 UTC +00:00], ["description", "The best Star Wars EVER"], ["title", "Star Wars: Episode V - The Empire Strikes Back"], ["updated_at", Wed, 13 Jan 2016 04:57:43 UTC +00:00], ["year_released", 1980]]
  [1m[35m (1.0ms)[0m  commit transaction
  [1m[36m (0.1ms)[0m  [1mbegin transaction[0m
  [1m[35mSQL (0.3ms)[0m  INSERT INTO "movies" ("created_at", "description", "title", "updated_at", "year_released") VALUES (?, ?, ?, ?, ?)  [["created_at", Wed, 13 Jan 2016 04:57:43 UTC +00:00], ["description", "More Hobbits"], ["title", "The Lord of the Rings: The Fellowship of the Ring"], ["updated_at", Wed, 13 Jan 2016 04:57:43 UTC +00:00], ["year_released", 2001]]
  [1m[36m (0.9ms)[0m  [1mcommit transaction[0m
  [1m[35m (0.1ms)[0m  begin transaction
  [1m[36mSQL (0.4ms)[0m  [1mINSERT INTO "movies" ("created_at", "description", "title", "updated_at", "year_released") VALUES (?, ?, ?, ?, ?)[0m  [["created_at", Wed, 13 Jan 2016 04:57:43 UTC +00:00], ["description", "Crazy guy does crazy stuff"], ["title", "One Flew Over the Cuckoo's Nest"], ["updated_at", Wed, 13 Jan 2016 04:57:43 UTC +00:00], ["year_released", 1975]]
  [1m[35m (0.9ms)[0m  commit transaction
  [1m[36m (0.1ms)[0m  [1mbegin transaction[0m
  [1m[35mSQL (0.3ms)[0m  INSERT INTO "movies" ("created_at", "description", "title", "updated_at", "year_released") VALUES (?, ?, ?, ?, ?)  [["created_at", Wed, 13 Jan 2016 04:57:43 UTC +00:00], ["description", "Dream in a dream, in a nap, in a dozing off in class"], ["title", "Inception"], ["updated_at", Wed, 13 Jan 2016 04:57:43 UTC +00:00], ["year_released", 2010]]
  [1m[36m (1.0ms)[0m  [1mcommit transaction[0m
  [1m[35m (0.1ms)[0m  begin transaction
  [1m[36mSQL (0.4ms)[0m  [1mINSERT INTO "movies" ("created_at", "description", "title", "updated_at", "year_released") VALUES (?, ?, ?, ?, ?)[0m  [["created_at", Wed, 13 Jan 2016 04:57:43 UTC +00:00], ["description", "I think Joe Pesci is in this one"], ["title", "Goodfellas"], ["updated_at", Wed, 13 Jan 2016 04:57:43 UTC +00:00], ["year_released", 1990]]
  [1m[35m (0.8ms)[0m  commit transaction
  [1m[36m (0.1ms)[0m  [1mbegin transaction[0m
  [1m[35mSQL (0.3ms)[0m  INSERT INTO "movies" ("created_at", "description", "title", "updated_at", "year_released") VALUES (?, ?, ?, ?, ?)  [["created_at", Wed, 13 Jan 2016 04:57:43 UTC +00:00], ["description", "Let the Wookie win"], ["title", "Star Wars"], ["updated_at", Wed, 13 Jan 2016 04:57:43 UTC +00:00], ["year_released", 1977]]
  [1m[36m (1.0ms)[0m  [1mcommit transaction[0m
  [1m[35m (0.2ms)[0m  begin transaction
  [1m[36mSQL (0.8ms)[0m  [1mINSERT INTO "movies" ("created_at", "description", "title", "updated_at", "year_released") VALUES (?, ?, ?, ?, ?)[0m  [["created_at", Wed, 13 Jan 2016 04:57:43 UTC +00:00], ["description", "One of the best films ever made... according to Wikipedia"], ["title", "Seven Samurai"], ["updated_at", Wed, 13 Jan 2016 04:57:43 UTC +00:00], ["year_released", 1954]]
  [1m[35m (1.7ms)[0m  commit transaction
  [1m[36m (0.1ms)[0m  [1mbegin transaction[0m
  [1m[35mSQL (0.4ms)[0m  INSERT INTO "movies" ("created_at", "description", "title", "updated_at", "year_released") VALUES (?, ?, ?, ?, ?)  [["created_at", Wed, 13 Jan 2016 04:57:43 UTC +00:00], ["description", "Life is like a box of chocolates. It will give you diabetes"], ["title", "Forrest Gump"], ["updated_at", Wed, 13 Jan 2016 04:57:43 UTC +00:00], ["year_released", 1994]]
  [1m[36m (1.1ms)[0m  [1mcommit transaction[0m
  [1m[35m (0.1ms)[0m  begin transaction
  [1m[36mSQL (0.3ms)[0m  [1mINSERT INTO "movies" ("created_at", "description", "title", "updated_at", "year_released") VALUES (?, ?, ?, ?, ?)[0m  [["created_at", Wed, 13 Jan 2016 04:57:43 UTC +00:00], ["description", "Playing videogames can teach you kung-fu"], ["title", "The Matrix"], ["updated_at", Wed, 13 Jan 2016 04:57:43 UTC +00:00], ["year_released", 1999]]
  [1m[35m (0.9ms)[0m  commit transaction
  [1m[36m (0.1ms)[0m  [1mbegin transaction[0m
  [1m[35mSQL (0.3ms)[0m  INSERT INTO "movies" ("created_at", "description", "title", "updated_at", "year_released") VALUES (?, ?, ?, ?, ?)  [["created_at", Wed, 13 Jan 2016 04:57:43 UTC +00:00], ["description", "Again with the Hobbits and their jewelry obsession"], ["title", "The Lord of the Rings: The Two Towers"], ["updated_at", Wed, 13 Jan 2016 04:57:43 UTC +00:00], ["year_released", 2002]]
  [1m[36m (1.2ms)[0m  [1mcommit transaction[0m
  [1m[36mMovie Load (0.7ms)[0m  [1mSELECT "movies".* FROM "movies" ORDER BY "movies"."id" ASC LIMIT 1[0m
  [1m[35mMovie Load (0.4ms)[0m  SELECT "movies".* FROM "movies" ORDER BY "movies"."id" ASC LIMIT 1
  [1m[36mActor Load (3.7ms)[0m  [1mSELECT "actors".* FROM "actors" INNER JOIN "actors_movies" ON "actors"."id" = "actors_movies"."actor_id" WHERE "actors_movies"."movie_id" = ?[0m  [["movie_id", 1]]
  [1m[35mMovie Load (0.3ms)[0m  SELECT "movies".* FROM "movies" ORDER BY "movies"."id" DESC LIMIT 1
  [1m[36mActor Load (0.1ms)[0m  [1mSELECT "actors".* FROM "actors" INNER JOIN "actors_movies" ON "actors"."id" = "actors_movies"."actor_id" WHERE "actors_movies"."movie_id" = ?[0m  [["movie_id", 20]]
  [1m[35mMovie Load (0.2ms)[0m  SELECT "movies".* FROM "movies" WHERE "movies"."params" IN ('id') LIMIT 1
SQLite3::SQLException: no such column: movies.params: SELECT  "movies".* FROM "movies"  WHERE "movies"."params" IN ('id') LIMIT 1
  [1m[36mMovie Load (0.4ms)[0m  [1mSELECT "movies".* FROM "movies" WHERE "movies"."id" = ? LIMIT 1[0m  [["id", 1]]
  [1m[35mMovie Load (0.2ms)[0m  SELECT "movies".* FROM "movies" WHERE "movies"."id" = ? LIMIT 1  [["id", 1]]
  [1m[36mMovie Load (0.2ms)[0m  [1mSELECT "movies".* FROM "movies" ORDER BY "movies"."id" DESC LIMIT 1[0m
  [1m[35mActor Load (0.1ms)[0m  SELECT "actors".* FROM "actors" INNER JOIN "actors_movies" ON "actors"."id" = "actors_movies"."actor_id" WHERE "actors_movies"."movie_id" = ?  [["movie_id", 20]]
  [1m[36mMovie Load (0.3ms)[0m  [1mSELECT "movies".* FROM "movies" ORDER BY "movies"."id" ASC LIMIT 1[0m
  [1m[35mActor Load (0.1ms)[0m  SELECT "actors".* FROM "actors" INNER JOIN "actors_movies" ON "actors"."id" = "actors_movies"."actor_id" WHERE "actors_movies"."movie_id" = ?  [["movie_id", 1]]
  [1m[36mMovie Load (0.1ms)[0m  [1mSELECT "movies".* FROM "movies" WHERE "movies"."id" = ? LIMIT 1[0m  [["id", 1]]
  [1m[35mActor Load (0.2ms)[0m  SELECT "actors".* FROM "actors" INNER JOIN "actors_movies" ON "actors"."id" = "actors_movies"."actor_id" WHERE "actors_movies"."movie_id" = ?  [["movie_id", 1]]
  [1m[36mMovie Load (0.2ms)[0m  [1mSELECT "movies".* FROM "movies" WHERE "movies"."id" = ? LIMIT 1[0m  [["id", 20]]
  [1m[35mMovie Load (0.1ms)[0m  SELECT "movies".* FROM "movies" WHERE "movies"."id" = ? LIMIT 1  [["id", 1]]
  [1m[36mMovie Load (0.2ms)[0m  [1mSELECT "movies".* FROM "movies" WHERE "movies"."id" = ? LIMIT 1[0m  [["id", 1]]
  [1m[35mMovie Load (0.4ms)[0m  SELECT "movies".* FROM "movies" WHERE "movies"."id" = ? LIMIT 1  [["id", 1]]
  [1m[36mMovie Load (0.2ms)[0m  [1mSELECT "movies".* FROM "movies" WHERE "movies"."id" = ? LIMIT 1[0m  [["id", 1]]
  [1m[35mActor Load (0.2ms)[0m  SELECT "actors".* FROM "actors"
  [1m[36m (0.1ms)[0m  [1mbegin transaction[0m
  [1m[35mSQL (1.2ms)[0m  INSERT INTO "actors" ("created_at", "name", "updated_at") VALUES (?, ?, ?)  [["created_at", Wed, 13 Jan 2016 05:03:24 UTC +00:00], ["name", "Stevey yo"], ["updated_at", Wed, 13 Jan 2016 05:03:24 UTC +00:00]]
  [1m[36m (39.4ms)[0m  [1mcommit transaction[0m
  [1m[35mActor Load (0.3ms)[0m  SELECT "actors".* FROM "actors" ORDER BY "actors"."id" ASC LIMIT 1
  [1m[36mMovie Load (0.2ms)[0m  [1mSELECT "movies".* FROM "movies" WHERE "movies"."id" = ? LIMIT 1[0m  [["id", 10]]
  [1m[35m (0.1ms)[0m  begin transaction
  [1m[36mSQL (0.5ms)[0m  [1mINSERT INTO "actors" ("created_at", "name", "updated_at") VALUES (?, ?, ?)[0m  [["created_at", Wed, 13 Jan 2016 05:06:13 UTC +00:00], ["name", "Brad Pitt"], ["updated_at", Wed, 13 Jan 2016 05:06:13 UTC +00:00]]
  [1m[35m (3.6ms)[0m  commit transaction
  [1m[36mActor Load (0.2ms)[0m  [1mSELECT "actors".* FROM "actors"[0m
  [1m[35mActor Load (0.3ms)[0m  SELECT "actors".* FROM "actors"
  [1m[36mActor Load (0.2ms)[0m  [1mSELECT "actors".* FROM "actors" WHERE "actors"."id" = ? LIMIT 1[0m  [["id", 2]]
  [1m[35mActor Load (0.1ms)[0m  SELECT "actors".* FROM "actors" WHERE "actors"."id" = ? LIMIT 1  [["id", 2]]
  [1m[36m (0.1ms)[0m  [1mbegin transaction[0m
  [1m[35m (0.3ms)[0m  INSERT INTO "actors_movies" ("movie_id", "actor_id") VALUES (10, 2)
  [1m[36m (2.5ms)[0m  [1mcommit transaction[0m
  [1m[35mActor Load (0.2ms)[0m  SELECT "actors".* FROM "actors" INNER JOIN "actors_movies" ON "actors"."id" = "actors_movies"."actor_id" WHERE "actors_movies"."movie_id" = ?  [["movie_id", 10]]
  [1m[36mMovie Load (0.2ms)[0m  [1mSELECT "movies".* FROM "movies" INNER JOIN "actors_movies" ON "movies"."id" = "actors_movies"."movie_id" WHERE "actors_movies"."actor_id" = ?[0m  [["actor_id", 2]]
  [1m[35mMovie Load (0.2ms)[0m  SELECT "movies".* FROM "movies" ORDER BY "movies"."id" ASC LIMIT 1
  [1m[36mMovie Load (0.2ms)[0m  [1mSELECT "movies".* FROM "movies" ORDER BY "movies"."id" ASC LIMIT 1[0m
  [1m[35m (0.1ms)[0m  begin transaction
  [1m[36m (0.1ms)[0m  [1mrollback transaction[0m
  [1m[35mMovie Load (0.2ms)[0m  SELECT "movies".* FROM "movies" ORDER BY "movies"."id" ASC LIMIT 1
  [1m[36mMovie Load (0.4ms)[0m  [1mSELECT "movies".* FROM "movies" ORDER BY "movies"."id" ASC LIMIT 1[0m
  [1m[35mActor Load (0.1ms)[0m  SELECT "actors".* FROM "actors" WHERE "actors"."id" = ? LIMIT 1  [["id", 2]]
  [1m[36m (0.1ms)[0m  [1mbegin transaction[0m
  [1m[35m (0.3ms)[0m  INSERT INTO "actors_movies" ("movie_id", "actor_id") VALUES (1, 2)
  [1m[36m (0.8ms)[0m  [1mcommit transaction[0m
  [1m[35mActor Load (0.1ms)[0m  SELECT "actors".* FROM "actors" INNER JOIN "actors_movies" ON "actors"."id" = "actors_movies"."actor_id" WHERE "actors_movies"."movie_id" = ?  [["movie_id", 1]]
  [1m[36mMovie Load (0.3ms)[0m  [1mSELECT "movies".* FROM "movies" ORDER BY "movies"."id" ASC LIMIT 1[0m
  [1m[35mActor Load (0.1ms)[0m  SELECT "actors".* FROM "actors" INNER JOIN "actors_movies" ON "actors"."id" = "actors_movies"."actor_id" WHERE "actors_movies"."movie_id" = ?  [["movie_id", 1]]
  [1m[36mActor Load (0.1ms)[0m  [1mSELECT "actors".* FROM "actors" WHERE "actors"."id" = ? LIMIT 1[0m  [["id", 2]]
  [1m[35mActor Load (0.2ms)[0m  SELECT "actors".* FROM "actors" WHERE "actors"."id" = ? LIMIT 1  [["id", 2]]
  [1m[36mMovie Load (0.1ms)[0m  [1mSELECT "movies".* FROM "movies" INNER JOIN "actors_movies" ON "movies"."id" = "actors_movies"."movie_id" WHERE "actors_movies"."actor_id" = ?[0m  [["actor_id", 2]]


Started GET "/" for 127.0.0.1 at 2016-01-15 08:13:21 -0800
Processing by MoviesController#index as HTML
  [1m[36mMovie Load (1.0ms)[0m  [1mSELECT "movies".* FROM "movies" WHERE (title LIKE '%%' OR description LIKE '%%' OR year_released LIKE '%%')[0m
  Rendered movies/_list.html.erb (27.8ms)
  Rendered movies/index.html.erb within layouts/application (32.0ms)
Completed 200 OK in 67ms (Views: 42.3ms | ActiveRecord: 1.5ms)


Started GET "/assets/application.css?body=1" for 127.0.0.1 at 2016-01-15 08:13:22 -0800


Started GET "/assets/turbolinks.js?body=1" for 127.0.0.1 at 2016-01-15 08:13:22 -0800


Started GET "/assets/jquery_ujs.js?body=1" for 127.0.0.1 at 2016-01-15 08:13:22 -0800


Started GET "/assets/movies.css?body=1" for 127.0.0.1 at 2016-01-15 08:13:22 -0800


Started GET "/assets/jquery.js?body=1" for 127.0.0.1 at 2016-01-15 08:13:22 -0800


Started GET "/assets/application.js?body=1" for 127.0.0.1 at 2016-01-15 08:13:22 -0800


Started GET "/assets/movies.js?body=1" for 127.0.0.1 at 2016-01-15 08:13:22 -0800


Started GET "/" for 127.0.0.1 at 2016-01-15 21:38:52 -0800
Processing by MoviesController#index as HTML
  [1m[35mMovie Load (0.5ms)[0m  SELECT "movies".* FROM "movies" WHERE (title LIKE '%%' OR description LIKE '%%' OR year_released LIKE '%%')
  Rendered movies/_list.html.erb (9.2ms)
  Rendered movies/index.html.erb within layouts/application (13.9ms)
Completed 200 OK in 32ms (Views: 27.0ms | ActiveRecord: 0.5ms)


Started GET "/apple-touch-icon-precomposed.png" for 127.0.0.1 at 2016-01-15 21:38:52 -0800

ActionController::RoutingError (No route matches [GET] "/apple-touch-icon-precomposed.png"):
  actionpack (4.0.0.rc1) lib/action_dispatch/middleware/debug_exceptions.rb:21:in `call'
  actionpack (4.0.0.rc1) lib/action_dispatch/middleware/show_exceptions.rb:30:in `call'
  railties (4.0.0.rc1) lib/rails/rack/logger.rb:38:in `call_app'
  railties (4.0.0.rc1) lib/rails/rack/logger.rb:21:in `block in call'
  activesupport (4.0.0.rc1) lib/active_support/tagged_logging.rb:67:in `block in tagged'
  activesupport (4.0.0.rc1) lib/active_support/tagged_logging.rb:25:in `tagged'
  activesupport (4.0.0.rc1) lib/active_support/tagged_logging.rb:67:in `tagged'
  railties (4.0.0.rc1) lib/rails/rack/logger.rb:21:in `call'
  actionpack (4.0.0.rc1) lib/action_dispatch/middleware/request_id.rb:21:in `call'
  rack (1.5.2) lib/rack/methodoverride.rb:21:in `call'
  rack (1.5.2) lib/rack/runtime.rb:17:in `call'
  activesupport (4.0.0.rc1) lib/active_support/cache/strategy/local_cache.rb:83:in `call'
  rack (1.5.2) lib/rack/lock.rb:17:in `call'
  actionpack (4.0.0.rc1) lib/action_dispatch/middleware/static.rb:64:in `call'
  railties (4.0.0.rc1) lib/rails/engine.rb:511:in `call'
  railties (4.0.0.rc1) lib/rails/application.rb:96:in `call'
  rack (1.5.2) lib/rack/lock.rb:17:in `call'
  rack (1.5.2) lib/rack/content_length.rb:14:in `call'
  rack (1.5.2) lib/rack/handler/webrick.rb:60:in `service'
  /System/Library/Frameworks/Ruby.framework/Versions/2.0/usr/lib/ruby/2.0.0/webrick/httpserver.rb:138:in `service'
  /System/Library/Frameworks/Ruby.framework/Versions/2.0/usr/lib/ruby/2.0.0/webrick/httpserver.rb:94:in `run'
  /System/Library/Frameworks/Ruby.framework/Versions/2.0/usr/lib/ruby/2.0.0/webrick/server.rb:295:in `block in start_thread'


  Rendered /Library/Ruby/Gems/2.0.0/gems/actionpack-4.0.0.rc1/lib/action_dispatch/middleware/templates/rescues/_trace.erb (4.1ms)
  Rendered /Library/Ruby/Gems/2.0.0/gems/actionpack-4.0.0.rc1/lib/action_dispatch/middleware/templates/routes/_route.html.erb (3.2ms)
  Rendered /Library/Ruby/Gems/2.0.0/gems/actionpack-4.0.0.rc1/lib/action_dispatch/middleware/templates/routes/_table.html.erb (12.1ms)
  Rendered /Library/Ruby/Gems/2.0.0/gems/actionpack-4.0.0.rc1/lib/action_dispatch/middleware/templates/rescues/routing_error.erb within rescues/layout (52.7ms)


Started GET "/apple-touch-icon.png" for 127.0.0.1 at 2016-01-15 21:38:52 -0800

ActionController::RoutingError (No route matches [GET] "/apple-touch-icon.png"):
  actionpack (4.0.0.rc1) lib/action_dispatch/middleware/debug_exceptions.rb:21:in `call'
  actionpack (4.0.0.rc1) lib/action_dispatch/middleware/show_exceptions.rb:30:in `call'
  railties (4.0.0.rc1) lib/rails/rack/logger.rb:38:in `call_app'
  railties (4.0.0.rc1) lib/rails/rack/logger.rb:21:in `block in call'
  activesupport (4.0.0.rc1) lib/active_support/tagged_logging.rb:67:in `block in tagged'
  activesupport (4.0.0.rc1) lib/active_support/tagged_logging.rb:25:in `tagged'
  activesupport (4.0.0.rc1) lib/active_support/tagged_logging.rb:67:in `tagged'
  railties (4.0.0.rc1) lib/rails/rack/logger.rb:21:in `call'
  actionpack (4.0.0.rc1) lib/action_dispatch/middleware/request_id.rb:21:in `call'
  rack (1.5.2) lib/rack/methodoverride.rb:21:in `call'
  rack (1.5.2) lib/rack/runtime.rb:17:in `call'
  activesupport (4.0.0.rc1) lib/active_support/cache/strategy/local_cache.rb:83:in `call'
  rack (1.5.2) lib/rack/lock.rb:17:in `call'
  actionpack (4.0.0.rc1) lib/action_dispatch/middleware/static.rb:64:in `call'
  railties (4.0.0.rc1) lib/rails/engine.rb:511:in `call'
  railties (4.0.0.rc1) lib/rails/application.rb:96:in `call'
  rack (1.5.2) lib/rack/lock.rb:17:in `call'
  rack (1.5.2) lib/rack/content_length.rb:14:in `call'
  rack (1.5.2) lib/rack/handler/webrick.rb:60:in `service'
  /System/Library/Frameworks/Ruby.framework/Versions/2.0/usr/lib/ruby/2.0.0/webrick/httpserver.rb:138:in `service'
  /System/Library/Frameworks/Ruby.framework/Versions/2.0/usr/lib/ruby/2.0.0/webrick/httpserver.rb:94:in `run'
  /System/Library/Frameworks/Ruby.framework/Versions/2.0/usr/lib/ruby/2.0.0/webrick/server.rb:295:in `block in start_thread'


  Rendered /Library/Ruby/Gems/2.0.0/gems/actionpack-4.0.0.rc1/lib/action_dispatch/middleware/templates/rescues/_trace.erb (1.5ms)
  Rendered /Library/Ruby/Gems/2.0.0/gems/actionpack-4.0.0.rc1/lib/action_dispatch/middleware/templates/routes/_route.html.erb (1.2ms)
  Rendered /Library/Ruby/Gems/2.0.0/gems/actionpack-4.0.0.rc1/lib/action_dispatch/middleware/templates/routes/_table.html.erb (0.8ms)
  Rendered /Library/Ruby/Gems/2.0.0/gems/actionpack-4.0.0.rc1/lib/action_dispatch/middleware/templates/rescues/routing_error.erb within rescues/layout (20.2ms)


Started GET "/" for 127.0.0.1 at 2016-01-15 21:38:53 -0800
Processing by MoviesController#index as HTML
  [1m[36mMovie Load (0.3ms)[0m  [1mSELECT "movies".* FROM "movies" WHERE (title LIKE '%%' OR description LIKE '%%' OR year_released LIKE '%%')[0m
  Rendered movies/_list.html.erb (7.5ms)
  Rendered movies/index.html.erb within layouts/application (9.1ms)
Completed 200 OK in 14ms (Views: 13.2ms | ActiveRecord: 0.3ms)


Started GET "/apple-touch-icon-precomposed.png" for 127.0.0.1 at 2016-01-15 21:38:53 -0800

ActionController::RoutingError (No route matches [GET] "/apple-touch-icon-precomposed.png"):
  actionpack (4.0.0.rc1) lib/action_dispatch/middleware/debug_exceptions.rb:21:in `call'
  actionpack (4.0.0.rc1) lib/action_dispatch/middleware/show_exceptions.rb:30:in `call'
  railties (4.0.0.rc1) lib/rails/rack/logger.rb:38:in `call_app'
  railties (4.0.0.rc1) lib/rails/rack/logger.rb:21:in `block in call'
  activesupport (4.0.0.rc1) lib/active_support/tagged_logging.rb:67:in `block in tagged'
  activesupport (4.0.0.rc1) lib/active_support/tagged_logging.rb:25:in `tagged'
  activesupport (4.0.0.rc1) lib/active_support/tagged_logging.rb:67:in `tagged'
  railties (4.0.0.rc1) lib/rails/rack/logger.rb:21:in `call'
  actionpack (4.0.0.rc1) lib/action_dispatch/middleware/request_id.rb:21:in `call'
  rack (1.5.2) lib/rack/methodoverride.rb:21:in `call'
  rack (1.5.2) lib/rack/runtime.rb:17:in `call'
  activesupport (4.0.0.rc1) lib/active_support/cache/strategy/local_cache.rb:83:in `call'
  rack (1.5.2) lib/rack/lock.rb:17:in `call'
  actionpack (4.0.0.rc1) lib/action_dispatch/middleware/static.rb:64:in `call'
  railties (4.0.0.rc1) lib/rails/engine.rb:511:in `call'
  railties (4.0.0.rc1) lib/rails/application.rb:96:in `call'
  rack (1.5.2) lib/rack/lock.rb:17:in `call'
  rack (1.5.2) lib/rack/content_length.rb:14:in `call'
  rack (1.5.2) lib/rack/handler/webrick.rb:60:in `service'
  /System/Library/Frameworks/Ruby.framework/Versions/2.0/usr/lib/ruby/2.0.0/webrick/httpserver.rb:138:in `service'
  /System/Library/Frameworks/Ruby.framework/Versions/2.0/usr/lib/ruby/2.0.0/webrick/httpserver.rb:94:in `run'
  /System/Library/Frameworks/Ruby.framework/Versions/2.0/usr/lib/ruby/2.0.0/webrick/server.rb:295:in `block in start_thread'


  Rendered /Library/Ruby/Gems/2.0.0/gems/actionpack-4.0.0.rc1/lib/action_dispatch/middleware/templates/rescues/_trace.erb (1.3ms)
  Rendered /Library/Ruby/Gems/2.0.0/gems/actionpack-4.0.0.rc1/lib/action_dispatch/middleware/templates/routes/_route.html.erb (0.9ms)
  Rendered /Library/Ruby/Gems/2.0.0/gems/actionpack-4.0.0.rc1/lib/action_dispatch/middleware/templates/routes/_table.html.erb (0.9ms)
  Rendered /Library/Ruby/Gems/2.0.0/gems/actionpack-4.0.0.rc1/lib/action_dispatch/middleware/templates/rescues/routing_error.erb within rescues/layout (15.7ms)


Started GET "/apple-touch-icon.png" for 127.0.0.1 at 2016-01-15 21:38:53 -0800

ActionController::RoutingError (No route matches [GET] "/apple-touch-icon.png"):
  actionpack (4.0.0.rc1) lib/action_dispatch/middleware/debug_exceptions.rb:21:in `call'
  actionpack (4.0.0.rc1) lib/action_dispatch/middleware/show_exceptions.rb:30:in `call'
  railties (4.0.0.rc1) lib/rails/rack/logger.rb:38:in `call_app'
  railties (4.0.0.rc1) lib/rails/rack/logger.rb:21:in `block in call'
  activesupport (4.0.0.rc1) lib/active_support/tagged_logging.rb:67:in `block in tagged'
  activesupport (4.0.0.rc1) lib/active_support/tagged_logging.rb:25:in `tagged'
  activesupport (4.0.0.rc1) lib/active_support/tagged_logging.rb:67:in `tagged'
  railties (4.0.0.rc1) lib/rails/rack/logger.rb:21:in `call'
  actionpack (4.0.0.rc1) lib/action_dispatch/middleware/request_id.rb:21:in `call'
  rack (1.5.2) lib/rack/methodoverride.rb:21:in `call'
  rack (1.5.2) lib/rack/runtime.rb:17:in `call'
  activesupport (4.0.0.rc1) lib/active_support/cache/strategy/local_cache.rb:83:in `call'
  rack (1.5.2) lib/rack/lock.rb:17:in `call'
  actionpack (4.0.0.rc1) lib/action_dispatch/middleware/static.rb:64:in `call'
  railties (4.0.0.rc1) lib/rails/engine.rb:511:in `call'
  railties (4.0.0.rc1) lib/rails/application.rb:96:in `call'
  rack (1.5.2) lib/rack/lock.rb:17:in `call'
  rack (1.5.2) lib/rack/content_length.rb:14:in `call'
  rack (1.5.2) lib/rack/handler/webrick.rb:60:in `service'
  /System/Library/Frameworks/Ruby.framework/Versions/2.0/usr/lib/ruby/2.0.0/webrick/httpserver.rb:138:in `service'
  /System/Library/Frameworks/Ruby.framework/Versions/2.0/usr/lib/ruby/2.0.0/webrick/httpserver.rb:94:in `run'
  /System/Library/Frameworks/Ruby.framework/Versions/2.0/usr/lib/ruby/2.0.0/webrick/server.rb:295:in `block in start_thread'


  Rendered /Library/Ruby/Gems/2.0.0/gems/actionpack-4.0.0.rc1/lib/action_dispatch/middleware/templates/rescues/_trace.erb (1.0ms)
  Rendered /Library/Ruby/Gems/2.0.0/gems/actionpack-4.0.0.rc1/lib/action_dispatch/middleware/templates/routes/_route.html.erb (1.8ms)
  Rendered /Library/Ruby/Gems/2.0.0/gems/actionpack-4.0.0.rc1/lib/action_dispatch/middleware/templates/routes/_table.html.erb (1.3ms)
  Rendered /Library/Ruby/Gems/2.0.0/gems/actionpack-4.0.0.rc1/lib/action_dispatch/middleware/templates/rescues/routing_error.erb within rescues/layout (19.5ms)


Started GET "/" for 127.0.0.1 at 2016-01-16 00:31:57 -0800
Processing by MoviesController#index as HTML
  [1m[35mMovie Load (0.2ms)[0m  SELECT "movies".* FROM "movies" WHERE (title LIKE '%%' OR description LIKE '%%' OR year_released LIKE '%%')
  Rendered movies/_list.html.erb (5.0ms)
  Rendered movies/index.html.erb within layouts/application (7.9ms)
Completed 200 OK in 21ms (Views: 14.4ms | ActiveRecord: 0.2ms)
